[1/910] BiF: "IBiF_spirv_size_t_32.bc": Compiling OpenCL source: "pointersize.cl"
[2/910] BiF: "IBiF_spirv_size_t_64.bc": Compiling OpenCL source: "pointersize.cl"
[3/910] BiF: "IGCsize_t_32_int.bc": Compiling OpenCL source: "IBiF_size_t.cl"
FAILED: [code=70] /home/harshit9745/SFXFolder/Workspace-Code/build/igc/build/IGC/Release/bif/IGCsize_t_32_int.bc_IBiF_size_t__cl__0.bc.tmp 
cd /home/harshit9745/Workspace-Code/build/igc/build/IGC/BiFModule && /usr/bin/cmake -E compare_files /home/harshit9745/SFXFolder/Workspace-Code/build/igc/build/IGC/Release/bif/prebuild/BiFModule_PREB.sha /home/harshit9745/SFXFolder/Workspace-Code/build/igc/build/IGC/Release/bif/BiFModule_SRC.sha || /usr/bin/cmake -E make_directory /home/harshit9745/SFXFolder/Workspace-Code/build/igc/build/IGC/Release/bif && /usr/bin/cmake -E compare_files /home/harshit9745/SFXFolder/Workspace-Code/build/igc/build/IGC/Release/bif/prebuild/BiFModule_PREB.sha /home/harshit9745/SFXFolder/Workspace-Code/build/igc/build/IGC/Release/bif/BiFModule_SRC.sha || /usr/bin/clang -cc1 -x cl -fblocks  -opencl-builtins -triple=spir -w -emit-llvm-bc -discard-value-names -o /home/harshit9745/SFXFolder/Workspace-Code/build/igc/build/IGC/Release/bif/IGCsize_t_32_int.bc_IBiF_size_t__cl__0.bc.tmp -include /home/harshit9745/SFXFolder/Workspace-Code/build/igc/build/IGC/Release/bif/opencl_cth.h -I /home/harshit9745/SFXFolder/Workspace-Code/build/igc/IGC/BiFModule/Languages/OpenCL -I /home/harshit9745/SFXFolder/Workspace-Code/build/igc/IGC/BiFModule/Languages/OpenCL/PointerSize -I /home/harshit9745/SFXFolder/Workspace-Code/build/igc/IGC/BiFModule/Languages/OpenCL/Raytracing -I /home/harshit9745/SFXFolder/Workspace-Code/build/igc/IGC/BiFModule/Headers -I /home/harshit9745/Workspace-Code/build/igc/IGC/BiFModule/../AdaptorOCL/ocl_igc_shared -I /home/harshit9745/Workspace-Code/build/igc/IGC/BiFModule/../AdaptorOCL/ocl_igc_shared/device_enqueue -D__32bit__=1 -D__EXECUTION_MODEL_DEBUG=1 -D__OPENCL_C_VERSION__=200 -D__IGC_BUILD__ -Dcl_khr_f16 -Dcl_khr_fp64 -Dcl_khr_gl_msaa_sharing -Dcl_khr_mipmap_image -Dcl_khr_depth_images -Dcl_intel_subgroups_short -Dcl_intel_subgroups_char -Dcl_intel_subgroups_long -Dcl_intel_subgroup_local_block_io -Dcl_intel_64bit_global_atomics_placeholder -Dcl_khr_subgroup_extended_types -Dcl_khr_subgroup_non_uniform_vote -Dcl_khr_subgroup_ballot -Dcl_khr_subgroup_shuffle -Dcl_khr_subgroup_shuffle_relative -Dcl_khr_subgroup_non_uniform_arithmetic -Dcl_khr_subgroup_clustered_reduce -Dcl_khr_extended_bit_ops -Dcl_intel_bit_instructions -Dcl_intel_global_float_atomics -Dcl_intel_subgroup_buffer_prefetch -Dcl_intel_subgroup_matrix_multiply_accumulate -Dcl_intel_subgroup_split_matrix_multiply_accumulate -Dcl_intel_rt_production -Dcl_intel_subgroup_matrix_multiply_accumulate_tf32 -Dcl_intel_subgroup_extended_block_read -Dcl_intel_pvc_lsc_validation -Dcl_intel_subgroup_extended_block_read_cacheopts -Dcl_intel_subgroup_extended_block_write_cacheopts -Dcl_intel_subgroup_2d_block_io -D__VME_TYPES_DEFINED__ -D__USE_KHRONOS_SPIRV_TRANSLATOR__ -finclude-default-header -cl-std=CL2.0 /home/harshit9745/SFXFolder/Workspace-Code/build/igc/IGC/BiFModule/Languages/OpenCL/PointerSize/IBiF_size_t.cl
Invalid bitcast
  %104 = bitcast target("spirv.DeviceEvent") %103 to i32
Invalid bitcast
  %135 = bitcast target("spirv.DeviceEvent") %134 to i32
Invalid bitcast
  %143 = bitcast target("spirv.DeviceEvent") %142 to i32
Invalid bitcast
  %50 = bitcast i32 %49 to target("spirv.DeviceEvent")
Invalid bitcast
  %52 = bitcast target("spirv.DeviceEvent") %51 to i32
Invalid bitcast
  %59 = bitcast target("spirv.DeviceEvent") %58 to i32
Invalid bitcast
  %65 = bitcast target("spirv.DeviceEvent") %64 to i32
Invalid bitcast
  %70 = bitcast target("spirv.DeviceEvent") %69 to i32
Invalid bitcast
  %77 = bitcast target("spirv.DeviceEvent") %76 to i32
Invalid bitcast
  %85 = bitcast target("spirv.DeviceEvent") %84 to i32
Invalid bitcast
  %185 = bitcast target("spirv.DeviceEvent") %184 to i32
Invalid bitcast
  %194 = bitcast target("spirv.DeviceEvent") %193 to i32
Invalid bitcast
target("spirv.DeviceEvent") bitcast (i32 ptrtoint (ptr addrspacecast (ptr addrspace(4) null to ptr) to i32) to target("spirv.DeviceEvent"))
Invalid bitcast
  %35 = bitcast i32 %34 to target("spirv.DeviceEvent")
Invalid bitcast
  %41 = bitcast i32 %40 to target("spirv.DeviceEvent")
Invalid bitcast
  %46 = bitcast i32 %45 to target("spirv.DeviceEvent")
Invalid bitcast
  %52 = bitcast i32 %51 to target("spirv.DeviceEvent")
Invalid bitcast
  %24 = bitcast i32 %23 to target("spirv.DeviceEvent")
Invalid bitcast
  %14 = bitcast target("spirv.Event") %13 to i32
Invalid bitcast
  %18 = bitcast i32 %17 to target("spirv.Event")
Invalid bitcast
  %18 = bitcast target("spirv.Event") %17 to i32
Invalid bitcast
  %22 = bitcast i32 %21 to target("spirv.Event")
Invalid bitcast
  %14 = bitcast target("spirv.Event") %13 to i32
Invalid bitcast
  %18 = bitcast i32 %17 to target("spirv.Event")
Invalid bitcast
  %18 = bitcast target("spirv.Event") %17 to i32
Invalid bitcast
  %22 = bitcast i32 %21 to target("spirv.Event")
Invalid bitcast
  %14 = bitcast target("spirv.Event") %13 to i32
Invalid bitcast
  %18 = bitcast i32 %17 to target("spirv.Event")
Invalid bitcast
  %18 = bitcast target("spirv.Event") %17 to i32
Invalid bitcast
  %22 = bitcast i32 %21 to target("spirv.Event")
Invalid bitcast
  %14 = bitcast target("spirv.Event") %13 to i32
Invalid bitcast
  %18 = bitcast i32 %17 to target("spirv.Event")
Invalid bitcast
  %18 = bitcast target("spirv.Event") %17 to i32
Invalid bitcast
  %22 = bitcast i32 %21 to target("spirv.Event")
Invalid bitcast
  %14 = bitcast target("spirv.Event") %13 to i32
Invalid bitcast
  %18 = bitcast i32 %17 to target("spirv.Event")
Invalid bitcast
  %18 = bitcast target("spirv.Event") %17 to i32
Invalid bitcast
  %22 = bitcast i32 %21 to target("spirv.Event")
Invalid bitcast
  %14 = bitcast target("spirv.Event") %13 to i32
Invalid bitcast
  %18 = bitcast i32 %17 to target("spirv.Event")
Invalid bitcast
  %18 = bitcast target("spirv.Event") %17 to i32
Invalid bitcast
  %22 = bitcast i32 %21 to target("spirv.Event")
Invalid bitcast
  %14 = bitcast target("spirv.Event") %13 to i32
Invalid bitcast
  %18 = bitcast i32 %17 to target("spirv.Event")
Invalid bitcast
  %18 = bitcast target("spirv.Event") %17 to i32
Invalid bitcast
  %22 = bitcast i32 %21 to target("spirv.Event")
Invalid bitcast
  %14 = bitcast target("spirv.Event") %13 to i32
Invalid bitcast
  %18 = bitcast i32 %17 to target("spirv.Event")
Invalid bitcast
  %18 = bitcast target("spirv.Event") %17 to i32
Invalid bitcast
  %22 = bitcast i32 %21 to target("spirv.Event")
Invalid bitcast
  %14 = bitcast target("spirv.Event") %13 to i32
Invalid bitcast
  %18 = bitcast i32 %17 to target("spirv.Event")
Invalid bitcast
  %18 = bitcast target("spirv.Event") %17 to i32
Invalid bitcast
  %22 = bitcast i32 %21 to target("spirv.Event")
Invalid bitcast
  %14 = bitcast target("spirv.Event") %13 to i32
Invalid bitcast
  %18 = bitcast i32 %17 to target("spirv.Event")
Invalid bitcast
  %18 = bitcast target("spirv.Event") %17 to i32
Invalid bitcast
  %22 = bitcast i32 %21 to target("spirv.Event")
Invalid bitcast
  %14 = bitcast target("spirv.Event") %13 to i32
Invalid bitcast
  %18 = bitcast i32 %17 to target("spirv.Event")
Invalid bitcast
  %18 = bitcast target("spirv.Event") %17 to i32
Invalid bitcast
  %22 = bitcast i32 %21 to target("spirv.Event")
Invalid bitcast
  %14 = bitcast target("spirv.Event") %13 to i32
Invalid bitcast
  %18 = bitcast i32 %17 to target("spirv.Event")
Invalid bitcast
  %18 = bitcast target("spirv.Event") %17 to i32
Invalid bitcast
  %22 = bitcast i32 %21 to target("spirv.Event")
Invalid bitcast
  %14 = bitcast target("spirv.Event") %13 to i32
Invalid bitcast
  %18 = bitcast i32 %17 to target("spirv.Event")
Invalid bitcast
  %18 = bitcast target("spirv.Event") %17 to i32
Invalid bitcast
  %22 = bitcast i32 %21 to target("spirv.Event")
Invalid bitcast
  %14 = bitcast target("spirv.Event") %13 to i32
Invalid bitcast
  %18 = bitcast i32 %17 to target("spirv.Event")
Invalid bitcast
  %18 = bitcast target("spirv.Event") %17 to i32
Invalid bitcast
  %22 = bitcast i32 %21 to target("spirv.Event")
Invalid bitcast
  %14 = bitcast target("spirv.Event") %13 to i32
Invalid bitcast
  %18 = bitcast i32 %17 to target("spirv.Event")
Invalid bitcast
  %18 = bitcast target("spirv.Event") %17 to i32
Invalid bitcast
  %22 = bitcast i32 %21 to target("spirv.Event")
Invalid bitcast
  %14 = bitcast target("spirv.Event") %13 to i32
Invalid bitcast
  %18 = bitcast i32 %17 to target("spirv.Event")
Invalid bitcast
  %18 = bitcast target("spirv.Event") %17 to i32
Invalid bitcast
  %22 = bitcast i32 %21 to target("spirv.Event")
Invalid bitcast
  %14 = bitcast target("spirv.Event") %13 to i32
Invalid bitcast
  %18 = bitcast i32 %17 to target("spirv.Event")
Invalid bitcast
  %18 = bitcast target("spirv.Event") %17 to i32
Invalid bitcast
  %22 = bitcast i32 %21 to target("spirv.Event")
Invalid bitcast
  %14 = bitcast target("spirv.Event") %13 to i32
Invalid bitcast
  %18 = bitcast i32 %17 to target("spirv.Event")
Invalid bitcast
  %18 = bitcast target("spirv.Event") %17 to i32
Invalid bitcast
  %22 = bitcast i32 %21 to target("spirv.Event")
Invalid bitcast
  %14 = bitcast target("spirv.Event") %13 to i32
Invalid bitcast
  %18 = bitcast i32 %17 to target("spirv.Event")
Invalid bitcast
  %18 = bitcast target("spirv.Event") %17 to i32
Invalid bitcast
  %22 = bitcast i32 %21 to target("spirv.Event")
Invalid bitcast
  %14 = bitcast target("spirv.Event") %13 to i32
Invalid bitcast
  %18 = bitcast i32 %17 to target("spirv.Event")
Invalid bitcast
  %18 = bitcast target("spirv.Event") %17 to i32
Invalid bitcast
  %22 = bitcast i32 %21 to target("spirv.Event")
Invalid bitcast
  %14 = bitcast target("spirv.Event") %13 to i32
Invalid bitcast
  %18 = bitcast i32 %17 to target("spirv.Event")
Invalid bitcast
  %18 = bitcast target("spirv.Event") %17 to i32
Invalid bitcast
  %22 = bitcast i32 %21 to target("spirv.Event")
Invalid bitcast
  %14 = bitcast target("spirv.Event") %13 to i32
Invalid bitcast
  %18 = bitcast i32 %17 to target("spirv.Event")
Invalid bitcast
  %18 = bitcast target("spirv.Event") %17 to i32
Invalid bitcast
  %22 = bitcast i32 %21 to target("spirv.Event")
Invalid bitcast
  %14 = bitcast target("spirv.Event") %13 to i32
Invalid bitcast
  %18 = bitcast i32 %17 to target("spirv.Event")
Invalid bitcast
  %18 = bitcast target("spirv.Event") %17 to i32
Invalid bitcast
  %22 = bitcast i32 %21 to target("spirv.Event")
Invalid bitcast
  %14 = bitcast target("spirv.Event") %13 to i32
Invalid bitcast
  %18 = bitcast i32 %17 to target("spirv.Event")
Invalid bitcast
  %18 = bitcast target("spirv.Event") %17 to i32
Invalid bitcast
  %22 = bitcast i32 %21 to target("spirv.Event")
Invalid bitcast
  %14 = bitcast target("spirv.Event") %13 to i32
Invalid bitcast
  %18 = bitcast i32 %17 to target("spirv.Event")
Invalid bitcast
  %18 = bitcast target("spirv.Event") %17 to i32
Invalid bitcast
  %22 = bitcast i32 %21 to target("spirv.Event")
Invalid bitcast
  %14 = bitcast target("spirv.Event") %13 to i32
Invalid bitcast
  %18 = bitcast i32 %17 to target("spirv.Event")
Invalid bitcast
  %18 = bitcast target("spirv.Event") %17 to i32
Invalid bitcast
  %22 = bitcast i32 %21 to target("spirv.Event")
Invalid bitcast
  %14 = bitcast target("spirv.Event") %13 to i32
Invalid bitcast
  %18 = bitcast i32 %17 to target("spirv.Event")
Invalid bitcast
  %18 = bitcast target("spirv.Event") %17 to i32
Invalid bitcast
  %22 = bitcast i32 %21 to target("spirv.Event")
Invalid bitcast
  %14 = bitcast target("spirv.Event") %13 to i32
Invalid bitcast
  %18 = bitcast i32 %17 to target("spirv.Event")
Invalid bitcast
  %18 = bitcast target("spirv.Event") %17 to i32
Invalid bitcast
  %22 = bitcast i32 %21 to target("spirv.Event")
Invalid bitcast
  %14 = bitcast target("spirv.Event") %13 to i32
Invalid bitcast
  %18 = bitcast i32 %17 to target("spirv.Event")
Invalid bitcast
  %18 = bitcast target("spirv.Event") %17 to i32
Invalid bitcast
  %22 = bitcast i32 %21 to target("spirv.Event")
Invalid bitcast
  %14 = bitcast target("spirv.Event") %13 to i32
Invalid bitcast
  %18 = bitcast i32 %17 to target("spirv.Event")
Invalid bitcast
  %18 = bitcast target("spirv.Event") %17 to i32
Invalid bitcast
  %22 = bitcast i32 %21 to target("spirv.Event")
Invalid bitcast
  %14 = bitcast target("spirv.Event") %13 to i32
Invalid bitcast
  %18 = bitcast i32 %17 to target("spirv.Event")
Invalid bitcast
  %18 = bitcast target("spirv.Event") %17 to i32
Invalid bitcast
  %22 = bitcast i32 %21 to target("spirv.Event")
Invalid bitcast
  %14 = bitcast target("spirv.Event") %13 to i32
Invalid bitcast
  %18 = bitcast i32 %17 to target("spirv.Event")
Invalid bitcast
  %18 = bitcast target("spirv.Event") %17 to i32
Invalid bitcast
  %22 = bitcast i32 %21 to target("spirv.Event")
Invalid bitcast
  %14 = bitcast target("spirv.Event") %13 to i32
Invalid bitcast
  %18 = bitcast i32 %17 to target("spirv.Event")
Invalid bitcast
  %18 = bitcast target("spirv.Event") %17 to i32
Invalid bitcast
  %22 = bitcast i32 %21 to target("spirv.Event")
Invalid bitcast
  %14 = bitcast target("spirv.Event") %13 to i32
Invalid bitcast
  %18 = bitcast i32 %17 to target("spirv.Event")
Invalid bitcast
  %18 = bitcast target("spirv.Event") %17 to i32
Invalid bitcast
  %22 = bitcast i32 %21 to target("spirv.Event")
Invalid bitcast
  %14 = bitcast target("spirv.Event") %13 to i32
Invalid bitcast
  %18 = bitcast i32 %17 to target("spirv.Event")
Invalid bitcast
  %18 = bitcast target("spirv.Event") %17 to i32
Invalid bitcast
  %22 = bitcast i32 %21 to target("spirv.Event")
Invalid bitcast
  %14 = bitcast target("spirv.Event") %13 to i32
Invalid bitcast
  %18 = bitcast i32 %17 to target("spirv.Event")
Invalid bitcast
  %18 = bitcast target("spirv.Event") %17 to i32
Invalid bitcast
  %22 = bitcast i32 %21 to target("spirv.Event")
Invalid bitcast
  %14 = bitcast target("spirv.Event") %13 to i32
Invalid bitcast
  %18 = bitcast i32 %17 to target("spirv.Event")
Invalid bitcast
  %18 = bitcast target("spirv.Event") %17 to i32
Invalid bitcast
  %22 = bitcast i32 %21 to target("spirv.Event")
Invalid bitcast
  %14 = bitcast target("spirv.Event") %13 to i32
Invalid bitcast
  %18 = bitcast i32 %17 to target("spirv.Event")
Invalid bitcast
  %18 = bitcast target("spirv.Event") %17 to i32
Invalid bitcast
  %22 = bitcast i32 %21 to target("spirv.Event")
Invalid bitcast
  %14 = bitcast target("spirv.Event") %13 to i32
Invalid bitcast
  %18 = bitcast i32 %17 to target("spirv.Event")
Invalid bitcast
  %18 = bitcast target("spirv.Event") %17 to i32
Invalid bitcast
  %22 = bitcast i32 %21 to target("spirv.Event")
Invalid bitcast
  %14 = bitcast target("spirv.Event") %13 to i32
Invalid bitcast
  %18 = bitcast i32 %17 to target("spirv.Event")
Invalid bitcast
  %18 = bitcast target("spirv.Event") %17 to i32
Invalid bitcast
  %22 = bitcast i32 %21 to target("spirv.Event")
Invalid bitcast
  %14 = bitcast target("spirv.Event") %13 to i32
Invalid bitcast
  %18 = bitcast i32 %17 to target("spirv.Event")
Invalid bitcast
  %18 = bitcast target("spirv.Event") %17 to i32
Invalid bitcast
  %22 = bitcast i32 %21 to target("spirv.Event")
Invalid bitcast
  %14 = bitcast target("spirv.Event") %13 to i32
Invalid bitcast
  %18 = bitcast i32 %17 to target("spirv.Event")
Invalid bitcast
  %18 = bitcast target("spirv.Event") %17 to i32
Invalid bitcast
  %22 = bitcast i32 %21 to target("spirv.Event")
Invalid bitcast
  %14 = bitcast target("spirv.Event") %13 to i32
Invalid bitcast
  %18 = bitcast i32 %17 to target("spirv.Event")
Invalid bitcast
  %18 = bitcast target("spirv.Event") %17 to i32
Invalid bitcast
  %22 = bitcast i32 %21 to target("spirv.Event")
Invalid bitcast
  %14 = bitcast target("spirv.Event") %13 to i32
Invalid bitcast
  %18 = bitcast i32 %17 to target("spirv.Event")
Invalid bitcast
  %18 = bitcast target("spirv.Event") %17 to i32
Invalid bitcast
  %22 = bitcast i32 %21 to target("spirv.Event")
Invalid bitcast
  %14 = bitcast target("spirv.Event") %13 to i32
Invalid bitcast
  %18 = bitcast i32 %17 to target("spirv.Event")
Invalid bitcast
  %18 = bitcast target("spirv.Event") %17 to i32
Invalid bitcast
  %22 = bitcast i32 %21 to target("spirv.Event")
Invalid bitcast
  %14 = bitcast target("spirv.Event") %13 to i32
Invalid bitcast
  %18 = bitcast i32 %17 to target("spirv.Event")
Invalid bitcast
  %18 = bitcast target("spirv.Event") %17 to i32
Invalid bitcast
  %22 = bitcast i32 %21 to target("spirv.Event")
Invalid bitcast
  %14 = bitcast target("spirv.Event") %13 to i32
Invalid bitcast
  %18 = bitcast i32 %17 to target("spirv.Event")
Invalid bitcast
  %18 = bitcast target("spirv.Event") %17 to i32
Invalid bitcast
  %22 = bitcast i32 %21 to target("spirv.Event")
Invalid bitcast
  %14 = bitcast target("spirv.Event") %13 to i32
Invalid bitcast
  %18 = bitcast i32 %17 to target("spirv.Event")
Invalid bitcast
  %18 = bitcast target("spirv.Event") %17 to i32
Invalid bitcast
  %22 = bitcast i32 %21 to target("spirv.Event")
Invalid bitcast
  %14 = bitcast target("spirv.Event") %13 to i32
Invalid bitcast
  %18 = bitcast i32 %17 to target("spirv.Event")
Invalid bitcast
  %18 = bitcast target("spirv.Event") %17 to i32
Invalid bitcast
  %22 = bitcast i32 %21 to target("spirv.Event")
Invalid bitcast
  %14 = bitcast target("spirv.Event") %13 to i32
Invalid bitcast
  %18 = bitcast i32 %17 to target("spirv.Event")
Invalid bitcast
  %18 = bitcast target("spirv.Event") %17 to i32
Invalid bitcast
  %22 = bitcast i32 %21 to target("spirv.Event")
Invalid bitcast
  %14 = bitcast target("spirv.Event") %13 to i32
Invalid bitcast
  %18 = bitcast i32 %17 to target("spirv.Event")
Invalid bitcast
  %18 = bitcast target("spirv.Event") %17 to i32
Invalid bitcast
  %22 = bitcast i32 %21 to target("spirv.Event")
Invalid bitcast
  %14 = bitcast target("spirv.Event") %13 to i32
Invalid bitcast
  %18 = bitcast i32 %17 to target("spirv.Event")
Invalid bitcast
  %18 = bitcast target("spirv.Event") %17 to i32
Invalid bitcast
  %22 = bitcast i32 %21 to target("spirv.Event")
Invalid bitcast
  %14 = bitcast target("spirv.Event") %13 to i32
Invalid bitcast
  %18 = bitcast i32 %17 to target("spirv.Event")
Invalid bitcast
  %18 = bitcast target("spirv.Event") %17 to i32
Invalid bitcast
  %22 = bitcast i32 %21 to target("spirv.Event")
Invalid bitcast
  %14 = bitcast target("spirv.Event") %13 to i32
Invalid bitcast
  %18 = bitcast i32 %17 to target("spirv.Event")
Invalid bitcast
  %18 = bitcast target("spirv.Event") %17 to i32
Invalid bitcast
  %22 = bitcast i32 %21 to target("spirv.Event")
Invalid bitcast
  %14 = bitcast target("spirv.Event") %13 to i32
Invalid bitcast
  %18 = bitcast i32 %17 to target("spirv.Event")
Invalid bitcast
  %18 = bitcast target("spirv.Event") %17 to i32
Invalid bitcast
  %22 = bitcast i32 %21 to target("spirv.Event")
Invalid bitcast
  %14 = bitcast target("spirv.Event") %13 to i32
Invalid bitcast
  %18 = bitcast i32 %17 to target("spirv.Event")
Invalid bitcast
  %18 = bitcast target("spirv.Event") %17 to i32
Invalid bitcast
  %22 = bitcast i32 %21 to target("spirv.Event")
Invalid bitcast
  %14 = bitcast target("spirv.Event") %13 to i32
Invalid bitcast
  %18 = bitcast i32 %17 to target("spirv.Event")
Invalid bitcast
  %18 = bitcast target("spirv.Event") %17 to i32
Invalid bitcast
  %22 = bitcast i32 %21 to target("spirv.Event")
Invalid bitcast
  %14 = bitcast target("spirv.Event") %13 to i32
Invalid bitcast
  %18 = bitcast i32 %17 to target("spirv.Event")
Invalid bitcast
  %18 = bitcast target("spirv.Event") %17 to i32
Invalid bitcast
  %22 = bitcast i32 %21 to target("spirv.Event")
Invalid bitcast
  %14 = bitcast target("spirv.Event") %13 to i32
Invalid bitcast
  %18 = bitcast i32 %17 to target("spirv.Event")
Invalid bitcast
  %18 = bitcast target("spirv.Event") %17 to i32
Invalid bitcast
  %22 = bitcast i32 %21 to target("spirv.Event")
Invalid bitcast
  %14 = bitcast target("spirv.Event") %13 to i32
Invalid bitcast
  %18 = bitcast i32 %17 to target("spirv.Event")
Invalid bitcast
  %18 = bitcast target("spirv.Event") %17 to i32
Invalid bitcast
  %22 = bitcast i32 %21 to target("spirv.Event")
Invalid bitcast
  %14 = bitcast target("spirv.Event") %13 to i32
Invalid bitcast
  %18 = bitcast i32 %17 to target("spirv.Event")
Invalid bitcast
  %18 = bitcast target("spirv.Event") %17 to i32
Invalid bitcast
  %22 = bitcast i32 %21 to target("spirv.Event")
Invalid bitcast
  %14 = bitcast target("spirv.Event") %13 to i32
Invalid bitcast
  %18 = bitcast i32 %17 to target("spirv.Event")
Invalid bitcast
  %18 = bitcast target("spirv.Event") %17 to i32
Invalid bitcast
  %22 = bitcast i32 %21 to target("spirv.Event")
Invalid bitcast
  %14 = bitcast target("spirv.Event") %13 to i32
Invalid bitcast
  %18 = bitcast i32 %17 to target("spirv.Event")
Invalid bitcast
  %18 = bitcast target("spirv.Event") %17 to i32
Invalid bitcast
  %22 = bitcast i32 %21 to target("spirv.Event")
Invalid bitcast
  %14 = bitcast target("spirv.Event") %13 to i32
Invalid bitcast
  %18 = bitcast i32 %17 to target("spirv.Event")
Invalid bitcast
  %18 = bitcast target("spirv.Event") %17 to i32
Invalid bitcast
  %22 = bitcast i32 %21 to target("spirv.Event")
Invalid bitcast
  %14 = bitcast target("spirv.Event") %13 to i32
Invalid bitcast
  %18 = bitcast i32 %17 to target("spirv.Event")
Invalid bitcast
  %18 = bitcast target("spirv.Event") %17 to i32
Invalid bitcast
  %22 = bitcast i32 %21 to target("spirv.Event")
Invalid bitcast
  %14 = bitcast target("spirv.Event") %13 to i32
Invalid bitcast
  %18 = bitcast i32 %17 to target("spirv.Event")
Invalid bitcast
  %18 = bitcast target("spirv.Event") %17 to i32
Invalid bitcast
  %22 = bitcast i32 %21 to target("spirv.Event")
Invalid bitcast
  %14 = bitcast target("spirv.Event") %13 to i32
Invalid bitcast
  %18 = bitcast i32 %17 to target("spirv.Event")
Invalid bitcast
  %18 = bitcast target("spirv.Event") %17 to i32
Invalid bitcast
  %22 = bitcast i32 %21 to target("spirv.Event")
Invalid bitcast
  %14 = bitcast target("spirv.Event") %13 to i32
Invalid bitcast
  %18 = bitcast i32 %17 to target("spirv.Event")
Invalid bitcast
  %18 = bitcast target("spirv.Event") %17 to i32
Invalid bitcast
  %22 = bitcast i32 %21 to target("spirv.Event")
Invalid bitcast
  %14 = bitcast target("spirv.Event") %13 to i32
Invalid bitcast
  %18 = bitcast i32 %17 to target("spirv.Event")
Invalid bitcast
  %18 = bitcast target("spirv.Event") %17 to i32
Invalid bitcast
  %22 = bitcast i32 %21 to target("spirv.Event")
Invalid bitcast
  %14 = bitcast target("spirv.Event") %13 to i32
Invalid bitcast
  %18 = bitcast i32 %17 to target("spirv.Event")
Invalid bitcast
  %18 = bitcast target("spirv.Event") %17 to i32
Invalid bitcast
  %22 = bitcast i32 %21 to target("spirv.Event")
Invalid bitcast
  %14 = bitcast target("spirv.Event") %13 to i32
Invalid bitcast
  %18 = bitcast i32 %17 to target("spirv.Event")
Invalid bitcast
  %18 = bitcast target("spirv.Event") %17 to i32
Invalid bitcast
  %22 = bitcast i32 %21 to target("spirv.Event")
Invalid bitcast
  %14 = bitcast target("spirv.Event") %13 to i32
Invalid bitcast
  %18 = bitcast i32 %17 to target("spirv.Event")
Invalid bitcast
  %18 = bitcast target("spirv.Event") %17 to i32
Invalid bitcast
  %22 = bitcast i32 %21 to target("spirv.Event")
Invalid bitcast
  %14 = bitcast target("spirv.Event") %13 to i32
Invalid bitcast
  %18 = bitcast i32 %17 to target("spirv.Event")
Invalid bitcast
  %18 = bitcast target("spirv.Event") %17 to i32
Invalid bitcast
  %22 = bitcast i32 %21 to target("spirv.Event")
Invalid bitcast
  %14 = bitcast target("spirv.Event") %13 to i32
Invalid bitcast
  %18 = bitcast i32 %17 to target("spirv.Event")
Invalid bitcast
  %18 = bitcast target("spirv.Event") %17 to i32
Invalid bitcast
  %22 = bitcast i32 %21 to target("spirv.Event")
Invalid bitcast
  %14 = bitcast target("spirv.Event") %13 to i32
Invalid bitcast
  %18 = bitcast i32 %17 to target("spirv.Event")
Invalid bitcast
  %18 = bitcast target("spirv.Event") %17 to i32
Invalid bitcast
  %22 = bitcast i32 %21 to target("spirv.Event")
Invalid bitcast
  %14 = bitcast target("spirv.Event") %13 to i32
Invalid bitcast
  %18 = bitcast i32 %17 to target("spirv.Event")
Invalid bitcast
  %18 = bitcast target("spirv.Event") %17 to i32
Invalid bitcast
  %22 = bitcast i32 %21 to target("spirv.Event")
Invalid bitcast
  %14 = bitcast target("spirv.Event") %13 to i32
Invalid bitcast
  %18 = bitcast i32 %17 to target("spirv.Event")
Invalid bitcast
  %18 = bitcast target("spirv.Event") %17 to i32
Invalid bitcast
  %22 = bitcast i32 %21 to target("spirv.Event")
Invalid bitcast
  %14 = bitcast target("spirv.Event") %13 to i32
Invalid bitcast
  %18 = bitcast i32 %17 to target("spirv.Event")
Invalid bitcast
  %18 = bitcast target("spirv.Event") %17 to i32
Invalid bitcast
  %22 = bitcast i32 %21 to target("spirv.Event")
Invalid bitcast
  %14 = bitcast target("spirv.Event") %13 to i32
Invalid bitcast
  %18 = bitcast i32 %17 to target("spirv.Event")
Invalid bitcast
  %18 = bitcast target("spirv.Event") %17 to i32
Invalid bitcast
  %22 = bitcast i32 %21 to target("spirv.Event")
Invalid bitcast
  %14 = bitcast target("spirv.Event") %13 to i32
Invalid bitcast
  %18 = bitcast i32 %17 to target("spirv.Event")
Invalid bitcast
  %18 = bitcast target("spirv.Event") %17 to i32
Invalid bitcast
  %22 = bitcast i32 %21 to target("spirv.Event")
Invalid bitcast
  %14 = bitcast target("spirv.Event") %13 to i32
Invalid bitcast
  %18 = bitcast i32 %17 to target("spirv.Event")
Invalid bitcast
  %18 = bitcast target("spirv.Event") %17 to i32
Invalid bitcast
  %22 = bitcast i32 %21 to target("spirv.Event")
Invalid bitcast
  %14 = bitcast target("spirv.Event") %13 to i32
Invalid bitcast
  %18 = bitcast i32 %17 to target("spirv.Event")
Invalid bitcast
  %18 = bitcast target("spirv.Event") %17 to i32
Invalid bitcast
  %22 = bitcast i32 %21 to target("spirv.Event")
Invalid bitcast
  %14 = bitcast target("spirv.Event") %13 to i32
Invalid bitcast
  %18 = bitcast i32 %17 to target("spirv.Event")
Invalid bitcast
  %18 = bitcast target("spirv.Event") %17 to i32
Invalid bitcast
  %22 = bitcast i32 %21 to target("spirv.Event")
Invalid bitcast
  %14 = bitcast target("spirv.Event") %13 to i32
Invalid bitcast
  %18 = bitcast i32 %17 to target("spirv.Event")
Invalid bitcast
  %18 = bitcast target("spirv.Event") %17 to i32
Invalid bitcast
  %22 = bitcast i32 %21 to target("spirv.Event")
Invalid bitcast
  %14 = bitcast target("spirv.Event") %13 to i32
Invalid bitcast
  %18 = bitcast i32 %17 to target("spirv.Event")
Invalid bitcast
  %18 = bitcast target("spirv.Event") %17 to i32
Invalid bitcast
  %22 = bitcast i32 %21 to target("spirv.Event")
Invalid bitcast
  %14 = bitcast target("spirv.Event") %13 to i32
Invalid bitcast
  %18 = bitcast i32 %17 to target("spirv.Event")
Invalid bitcast
  %18 = bitcast target("spirv.Event") %17 to i32
Invalid bitcast
  %22 = bitcast i32 %21 to target("spirv.Event")
Invalid bitcast
  %14 = bitcast target("spirv.Event") %13 to i32
Invalid bitcast
  %18 = bitcast i32 %17 to target("spirv.Event")
Invalid bitcast
  %18 = bitcast target("spirv.Event") %17 to i32
Invalid bitcast
  %22 = bitcast i32 %21 to target("spirv.Event")
Invalid bitcast
  %14 = bitcast target("spirv.Event") %13 to i32
Invalid bitcast
  %18 = bitcast i32 %17 to target("spirv.Event")
Invalid bitcast
  %18 = bitcast target("spirv.Event") %17 to i32
Invalid bitcast
  %22 = bitcast i32 %21 to target("spirv.Event")
Invalid bitcast
  %14 = bitcast target("spirv.Event") %13 to i32
Invalid bitcast
  %18 = bitcast i32 %17 to target("spirv.Event")
Invalid bitcast
  %18 = bitcast target("spirv.Event") %17 to i32
Invalid bitcast
  %22 = bitcast i32 %21 to target("spirv.Event")
Invalid bitcast
  %14 = bitcast target("spirv.Event") %13 to i32
Invalid bitcast
  %18 = bitcast i32 %17 to target("spirv.Event")
Invalid bitcast
  %18 = bitcast target("spirv.Event") %17 to i32
Invalid bitcast
  %22 = bitcast i32 %21 to target("spirv.Event")
Invalid bitcast
  %14 = bitcast target("spirv.Event") %13 to i32
Invalid bitcast
  %18 = bitcast i32 %17 to target("spirv.Event")
Invalid bitcast
  %18 = bitcast target("spirv.Event") %17 to i32
Invalid bitcast
  %22 = bitcast i32 %21 to target("spirv.Event")
Invalid bitcast
  %14 = bitcast target("spirv.Event") %13 to i32
Invalid bitcast
  %18 = bitcast i32 %17 to target("spirv.Event")
Invalid bitcast
  %18 = bitcast target("spirv.Event") %17 to i32
Invalid bitcast
  %22 = bitcast i32 %21 to target("spirv.Event")
Invalid bitcast
  %14 = bitcast target("spirv.Event") %13 to i32
Invalid bitcast
  %18 = bitcast i32 %17 to target("spirv.Event")
Invalid bitcast
  %18 = bitcast target("spirv.Event") %17 to i32
Invalid bitcast
  %22 = bitcast i32 %21 to target("spirv.Event")
Invalid bitcast
  %14 = bitcast target("spirv.Event") %13 to i32
Invalid bitcast
  %18 = bitcast i32 %17 to target("spirv.Event")
Invalid bitcast
  %18 = bitcast target("spirv.Event") %17 to i32
Invalid bitcast
  %22 = bitcast i32 %21 to target("spirv.Event")
Invalid bitcast
  %14 = bitcast target("spirv.Event") %13 to i32
Invalid bitcast
  %18 = bitcast i32 %17 to target("spirv.Event")
Invalid bitcast
  %18 = bitcast target("spirv.Event") %17 to i32
Invalid bitcast
  %22 = bitcast i32 %21 to target("spirv.Event")
Invalid bitcast
  %14 = bitcast target("spirv.Event") %13 to i32
Invalid bitcast
  %18 = bitcast i32 %17 to target("spirv.Event")
Invalid bitcast
  %18 = bitcast target("spirv.Event") %17 to i32
Invalid bitcast
  %22 = bitcast i32 %21 to target("spirv.Event")
Invalid bitcast
  %14 = bitcast target("spirv.Event") %13 to i32
Invalid bitcast
  %18 = bitcast i32 %17 to target("spirv.Event")
Invalid bitcast
  %18 = bitcast target("spirv.Event") %17 to i32
Invalid bitcast
  %22 = bitcast i32 %21 to target("spirv.Event")
Invalid bitcast
  %14 = bitcast target("spirv.Event") %13 to i32
Invalid bitcast
  %18 = bitcast i32 %17 to target("spirv.Event")
Invalid bitcast
  %18 = bitcast target("spirv.Event") %17 to i32
Invalid bitcast
  %22 = bitcast i32 %21 to target("spirv.Event")
Invalid bitcast
  %14 = bitcast target("spirv.Event") %13 to i32
Invalid bitcast
  %18 = bitcast i32 %17 to target("spirv.Event")
Invalid bitcast
  %18 = bitcast target("spirv.Event") %17 to i32
Invalid bitcast
  %22 = bitcast i32 %21 to target("spirv.Event")
Invalid bitcast
  %14 = bitcast target("spirv.Event") %13 to i32
Invalid bitcast
  %18 = bitcast i32 %17 to target("spirv.Event")
Invalid bitcast
  %18 = bitcast target("spirv.Event") %17 to i32
Invalid bitcast
  %22 = bitcast i32 %21 to target("spirv.Event")
Invalid bitcast
  %14 = bitcast target("spirv.Event") %13 to i32
Invalid bitcast
  %18 = bitcast i32 %17 to target("spirv.Event")
Invalid bitcast
  %18 = bitcast target("spirv.Event") %17 to i32
Invalid bitcast
  %22 = bitcast i32 %21 to target("spirv.Event")
Invalid bitcast
  %14 = bitcast target("spirv.Event") %13 to i32
Invalid bitcast
  %18 = bitcast i32 %17 to target("spirv.Event")
Invalid bitcast
  %18 = bitcast target("spirv.Event") %17 to i32
Invalid bitcast
  %22 = bitcast i32 %21 to target("spirv.Event")
Invalid bitcast
  %14 = bitcast target("spirv.Event") %13 to i32
Invalid bitcast
  %18 = bitcast i32 %17 to target("spirv.Event")
Invalid bitcast
  %18 = bitcast target("spirv.Event") %17 to i32
Invalid bitcast
  %22 = bitcast i32 %21 to target("spirv.Event")
Invalid bitcast
  %14 = bitcast target("spirv.Event") %13 to i32
Invalid bitcast
  %18 = bitcast i32 %17 to target("spirv.Event")
Invalid bitcast
  %18 = bitcast target("spirv.Event") %17 to i32
Invalid bitcast
  %22 = bitcast i32 %21 to target("spirv.Event")
Invalid bitcast
  %14 = bitcast target("spirv.Event") %13 to i32
Invalid bitcast
  %18 = bitcast i32 %17 to target("spirv.Event")
Invalid bitcast
  %18 = bitcast target("spirv.Event") %17 to i32
Invalid bitcast
  %22 = bitcast i32 %21 to target("spirv.Event")
Invalid bitcast
  %14 = bitcast target("spirv.Event") %13 to i32
Invalid bitcast
  %18 = bitcast i32 %17 to target("spirv.Event")
Invalid bitcast
  %18 = bitcast target("spirv.Event") %17 to i32
Invalid bitcast
  %22 = bitcast i32 %21 to target("spirv.Event")
Invalid bitcast
  %14 = bitcast target("spirv.Event") %13 to i32
Invalid bitcast
  %18 = bitcast i32 %17 to target("spirv.Event")
Invalid bitcast
  %18 = bitcast target("spirv.Event") %17 to i32
Invalid bitcast
  %22 = bitcast i32 %21 to target("spirv.Event")
Invalid bitcast
  %14 = bitcast target("spirv.Event") %13 to i32
Invalid bitcast
  %18 = bitcast i32 %17 to target("spirv.Event")
Invalid bitcast
  %18 = bitcast target("spirv.Event") %17 to i32
Invalid bitcast
  %22 = bitcast i32 %21 to target("spirv.Event")
Invalid bitcast
  %14 = bitcast target("spirv.Event") %13 to i32
Invalid bitcast
  %18 = bitcast i32 %17 to target("spirv.Event")
Invalid bitcast
  %18 = bitcast target("spirv.Event") %17 to i32
Invalid bitcast
  %22 = bitcast i32 %21 to target("spirv.Event")
Invalid bitcast
  %14 = bitcast target("spirv.Event") %13 to i32
Invalid bitcast
  %18 = bitcast i32 %17 to target("spirv.Event")
Invalid bitcast
  %18 = bitcast target("spirv.Event") %17 to i32
Invalid bitcast
  %22 = bitcast i32 %21 to target("spirv.Event")
Invalid bitcast
  %14 = bitcast target("spirv.Event") %13 to i32
Invalid bitcast
  %18 = bitcast i32 %17 to target("spirv.Event")
Invalid bitcast
  %18 = bitcast target("spirv.Event") %17 to i32
Invalid bitcast
  %22 = bitcast i32 %21 to target("spirv.Event")
Invalid bitcast
  %14 = bitcast target("spirv.Event") %13 to i32
Invalid bitcast
  %18 = bitcast i32 %17 to target("spirv.Event")
Invalid bitcast
  %18 = bitcast target("spirv.Event") %17 to i32
Invalid bitcast
  %22 = bitcast i32 %21 to target("spirv.Event")
Invalid bitcast
  %14 = bitcast target("spirv.Event") %13 to i32
Invalid bitcast
  %18 = bitcast i32 %17 to target("spirv.Event")
Invalid bitcast
  %18 = bitcast target("spirv.Event") %17 to i32
Invalid bitcast
  %22 = bitcast i32 %21 to target("spirv.Event")
Invalid bitcast
  %14 = bitcast target("spirv.Event") %13 to i32
Invalid bitcast
  %18 = bitcast i32 %17 to target("spirv.Event")
Invalid bitcast
  %18 = bitcast target("spirv.Event") %17 to i32
Invalid bitcast
  %22 = bitcast i32 %21 to target("spirv.Event")
Invalid bitcast
  %14 = bitcast target("spirv.Event") %13 to i32
Invalid bitcast
  %18 = bitcast i32 %17 to target("spirv.Event")
Invalid bitcast
  %18 = bitcast target("spirv.Event") %17 to i32
Invalid bitcast
  %22 = bitcast i32 %21 to target("spirv.Event")
Invalid bitcast
  %14 = bitcast target("spirv.Event") %13 to i32
Invalid bitcast
  %18 = bitcast i32 %17 to target("spirv.Event")
Invalid bitcast
  %18 = bitcast target("spirv.Event") %17 to i32
Invalid bitcast
  %22 = bitcast i32 %21 to target("spirv.Event")
Invalid bitcast
  %14 = bitcast target("spirv.Event") %13 to i32
Invalid bitcast
  %18 = bitcast i32 %17 to target("spirv.Event")
Invalid bitcast
  %18 = bitcast target("spirv.Event") %17 to i32
Invalid bitcast
  %22 = bitcast i32 %21 to target("spirv.Event")
Invalid bitcast
  %14 = bitcast target("spirv.Event") %13 to i32
Invalid bitcast
  %18 = bitcast i32 %17 to target("spirv.Event")
Invalid bitcast
  %18 = bitcast target("spirv.Event") %17 to i32
Invalid bitcast
  %22 = bitcast i32 %21 to target("spirv.Event")
Invalid bitcast
  %14 = bitcast target("spirv.Event") %13 to i32
Invalid bitcast
  %18 = bitcast i32 %17 to target("spirv.Event")
Invalid bitcast
  %18 = bitcast target("spirv.Event") %17 to i32
Invalid bitcast
  %22 = bitcast i32 %21 to target("spirv.Event")
Invalid bitcast
  %14 = bitcast target("spirv.Event") %13 to i32
Invalid bitcast
  %18 = bitcast i32 %17 to target("spirv.Event")
Invalid bitcast
  %18 = bitcast target("spirv.Event") %17 to i32
Invalid bitcast
  %22 = bitcast i32 %21 to target("spirv.Event")
Invalid bitcast
  %14 = bitcast target("spirv.Event") %13 to i32
Invalid bitcast
  %18 = bitcast i32 %17 to target("spirv.Event")
Invalid bitcast
  %18 = bitcast target("spirv.Event") %17 to i32
Invalid bitcast
  %22 = bitcast i32 %21 to target("spirv.Event")
Invalid bitcast
  %14 = bitcast target("spirv.Event") %13 to i32
Invalid bitcast
  %18 = bitcast i32 %17 to target("spirv.Event")
Invalid bitcast
  %18 = bitcast target("spirv.Event") %17 to i32
Invalid bitcast
  %22 = bitcast i32 %21 to target("spirv.Event")
Invalid bitcast
  %14 = bitcast target("spirv.Event") %13 to i32
Invalid bitcast
  %18 = bitcast i32 %17 to target("spirv.Event")
Invalid bitcast
  %18 = bitcast target("spirv.Event") %17 to i32
Invalid bitcast
  %22 = bitcast i32 %21 to target("spirv.Event")
Invalid bitcast
  %14 = bitcast target("spirv.Event") %13 to i32
Invalid bitcast
  %18 = bitcast i32 %17 to target("spirv.Event")
Invalid bitcast
  %18 = bitcast target("spirv.Event") %17 to i32
Invalid bitcast
  %22 = bitcast i32 %21 to target("spirv.Event")
Invalid bitcast
  %14 = bitcast target("spirv.Event") %13 to i32
Invalid bitcast
  %18 = bitcast i32 %17 to target("spirv.Event")
Invalid bitcast
  %18 = bitcast target("spirv.Event") %17 to i32
Invalid bitcast
  %22 = bitcast i32 %21 to target("spirv.Event")
Invalid bitcast
  %14 = bitcast target("spirv.Event") %13 to i32
Invalid bitcast
  %18 = bitcast i32 %17 to target("spirv.Event")
Invalid bitcast
  %18 = bitcast target("spirv.Event") %17 to i32
Invalid bitcast
  %22 = bitcast i32 %21 to target("spirv.Event")
Invalid bitcast
  %14 = bitcast target("spirv.Event") %13 to i32
Invalid bitcast
  %18 = bitcast i32 %17 to target("spirv.Event")
Invalid bitcast
  %18 = bitcast target("spirv.Event") %17 to i32
Invalid bitcast
  %22 = bitcast i32 %21 to target("spirv.Event")
Invalid bitcast
  %14 = bitcast target("spirv.Event") %13 to i32
Invalid bitcast
  %18 = bitcast i32 %17 to target("spirv.Event")
Invalid bitcast
  %18 = bitcast target("spirv.Event") %17 to i32
Invalid bitcast
  %22 = bitcast i32 %21 to target("spirv.Event")
Invalid bitcast
  %14 = bitcast target("spirv.Event") %13 to i32
Invalid bitcast
  %18 = bitcast i32 %17 to target("spirv.Event")
Invalid bitcast
  %18 = bitcast target("spirv.Event") %17 to i32
Invalid bitcast
  %22 = bitcast i32 %21 to target("spirv.Event")
Invalid bitcast
  %14 = bitcast target("spirv.Event") %13 to i32
Invalid bitcast
  %18 = bitcast i32 %17 to target("spirv.Event")
Invalid bitcast
  %18 = bitcast target("spirv.Event") %17 to i32
Invalid bitcast
  %22 = bitcast i32 %21 to target("spirv.Event")
Invalid bitcast
  %14 = bitcast target("spirv.Event") %13 to i32
Invalid bitcast
  %18 = bitcast i32 %17 to target("spirv.Event")
Invalid bitcast
  %18 = bitcast target("spirv.Event") %17 to i32
Invalid bitcast
  %22 = bitcast i32 %21 to target("spirv.Event")
Invalid bitcast
  %14 = bitcast target("spirv.Event") %13 to i32
Invalid bitcast
  %18 = bitcast i32 %17 to target("spirv.Event")
Invalid bitcast
  %18 = bitcast target("spirv.Event") %17 to i32
Invalid bitcast
  %22 = bitcast i32 %21 to target("spirv.Event")
Invalid bitcast
  %5 = bitcast target("spirv.Image", void, 0, 0, 1, 0, 0, 0, 0) %4 to i32
Invalid bitcast
  %5 = bitcast target("spirv.Image", void, 1, 0, 1, 0, 0, 0, 0) %4 to i32
Invalid bitcast
  %5 = bitcast target("spirv.Image", void, 1, 1, 1, 0, 0, 0, 0) %4 to i32
Invalid bitcast
  %5 = bitcast target("spirv.Image", void, 1, 0, 1, 1, 0, 0, 0) %4 to i32
Invalid bitcast
  %5 = bitcast target("spirv.Image", void, 1, 1, 1, 1, 0, 0, 0) %4 to i32
Invalid bitcast
  %5 = bitcast target("spirv.Image", void, 0, 0, 1, 0, 0, 0, 1) %4 to i32
Invalid bitcast
  %5 = bitcast target("spirv.Image", void, 1, 0, 1, 0, 0, 0, 1) %4 to i32
Invalid bitcast
  %5 = bitcast target("spirv.Image", void, 1, 1, 1, 0, 0, 0, 1) %4 to i32
Invalid bitcast
  %5 = bitcast target("spirv.Image", void, 1, 0, 1, 1, 0, 0, 1) %4 to i32
Invalid bitcast
  %5 = bitcast target("spirv.Image", void, 1, 1, 1, 1, 0, 0, 1) %4 to i32
Invalid bitcast
  %5 = bitcast target("spirv.Image", void, 0, 0, 1, 0, 0, 0, 2) %4 to i32
Invalid bitcast
  %5 = bitcast target("spirv.Image", void, 1, 0, 1, 0, 0, 0, 2) %4 to i32
Invalid bitcast
  %5 = bitcast target("spirv.Image", void, 1, 1, 1, 0, 0, 0, 2) %4 to i32
Invalid bitcast
  %5 = bitcast target("spirv.Image", void, 1, 0, 1, 1, 0, 0, 2) %4 to i32
Invalid bitcast
  %5 = bitcast target("spirv.Image", void, 1, 1, 1, 1, 0, 0, 2) %4 to i32
fatal error: error in backend: Broken module found, compilation aborted!
[4/910] BiF: "IGCsize_t_64_int.bc": Compiling OpenCL source: "IBiF_size_t.cl"
FAILED: [code=70] /home/harshit9745/SFXFolder/Workspace-Code/build/igc/build/IGC/Release/bif/IGCsize_t_64_int.bc_IBiF_size_t__cl__0.bc.tmp 
cd /home/harshit9745/Workspace-Code/build/igc/build/IGC/BiFModule && /usr/bin/cmake -E compare_files /home/harshit9745/SFXFolder/Workspace-Code/build/igc/build/IGC/Release/bif/prebuild/BiFModule_PREB.sha /home/harshit9745/SFXFolder/Workspace-Code/build/igc/build/IGC/Release/bif/BiFModule_SRC.sha || /usr/bin/cmake -E make_directory /home/harshit9745/SFXFolder/Workspace-Code/build/igc/build/IGC/Release/bif && /usr/bin/cmake -E compare_files /home/harshit9745/SFXFolder/Workspace-Code/build/igc/build/IGC/Release/bif/prebuild/BiFModule_PREB.sha /home/harshit9745/SFXFolder/Workspace-Code/build/igc/build/IGC/Release/bif/BiFModule_SRC.sha || /usr/bin/clang -cc1 -x cl -fblocks  -opencl-builtins -triple=spir64 -w -emit-llvm-bc -discard-value-names -o /home/harshit9745/SFXFolder/Workspace-Code/build/igc/build/IGC/Release/bif/IGCsize_t_64_int.bc_IBiF_size_t__cl__0.bc.tmp -include /home/harshit9745/SFXFolder/Workspace-Code/build/igc/build/IGC/Release/bif/opencl_cth.h -I /home/harshit9745/SFXFolder/Workspace-Code/build/igc/IGC/BiFModule/Languages/OpenCL -I /home/harshit9745/SFXFolder/Workspace-Code/build/igc/IGC/BiFModule/Languages/OpenCL/PointerSize -I /home/harshit9745/SFXFolder/Workspace-Code/build/igc/IGC/BiFModule/Languages/OpenCL/Raytracing -I /home/harshit9745/SFXFolder/Workspace-Code/build/igc/IGC/BiFModule/Headers -I /home/harshit9745/Workspace-Code/build/igc/IGC/BiFModule/../AdaptorOCL/ocl_igc_shared -I /home/harshit9745/Workspace-Code/build/igc/IGC/BiFModule/../AdaptorOCL/ocl_igc_shared/device_enqueue -D__EXECUTION_MODEL_DEBUG=1 -D__OPENCL_C_VERSION__=200 -D__IGC_BUILD__ -Dcl_khr_f16 -Dcl_khr_fp64 -Dcl_khr_gl_msaa_sharing -Dcl_khr_mipmap_image -Dcl_khr_depth_images -Dcl_intel_subgroups_short -Dcl_intel_subgroups_char -Dcl_intel_subgroups_long -Dcl_intel_subgroup_local_block_io -Dcl_intel_64bit_global_atomics_placeholder -Dcl_khr_subgroup_extended_types -Dcl_khr_subgroup_non_uniform_vote -Dcl_khr_subgroup_ballot -Dcl_khr_subgroup_shuffle -Dcl_khr_subgroup_shuffle_relative -Dcl_khr_subgroup_non_uniform_arithmetic -Dcl_khr_subgroup_clustered_reduce -Dcl_khr_extended_bit_ops -Dcl_intel_bit_instructions -Dcl_intel_global_float_atomics -Dcl_intel_subgroup_buffer_prefetch -Dcl_intel_subgroup_matrix_multiply_accumulate -Dcl_intel_subgroup_split_matrix_multiply_accumulate -Dcl_intel_rt_production -Dcl_intel_subgroup_matrix_multiply_accumulate_tf32 -Dcl_intel_subgroup_extended_block_read -Dcl_intel_pvc_lsc_validation -Dcl_intel_subgroup_extended_block_read_cacheopts -Dcl_intel_subgroup_extended_block_write_cacheopts -Dcl_intel_subgroup_2d_block_io -D__VME_TYPES_DEFINED__ -D__USE_KHRONOS_SPIRV_TRANSLATOR__ -finclude-default-header -cl-std=CL2.0 /home/harshit9745/SFXFolder/Workspace-Code/build/igc/IGC/BiFModule/Languages/OpenCL/PointerSize/IBiF_size_t.cl
Invalid bitcast
  %109 = bitcast target("spirv.DeviceEvent") %108 to i64
Invalid bitcast
  %141 = bitcast target("spirv.DeviceEvent") %140 to i64
Invalid bitcast
  %149 = bitcast target("spirv.DeviceEvent") %148 to i64
Invalid bitcast
  %51 = bitcast i64 %50 to target("spirv.DeviceEvent")
Invalid bitcast
  %53 = bitcast target("spirv.DeviceEvent") %52 to i64
Invalid bitcast
  %60 = bitcast target("spirv.DeviceEvent") %59 to i64
Invalid bitcast
  %66 = bitcast target("spirv.DeviceEvent") %65 to i64
Invalid bitcast
  %72 = bitcast target("spirv.DeviceEvent") %71 to i64
Invalid bitcast
  %81 = bitcast target("spirv.DeviceEvent") %80 to i64
Invalid bitcast
  %91 = bitcast target("spirv.DeviceEvent") %90 to i64
Invalid bitcast
  %196 = bitcast target("spirv.DeviceEvent") %195 to i64
Invalid bitcast
  %206 = bitcast target("spirv.DeviceEvent") %205 to i64
Invalid bitcast
target("spirv.DeviceEvent") bitcast (i64 ptrtoint (ptr addrspacecast (ptr addrspace(4) null to ptr) to i64) to target("spirv.DeviceEvent"))
Invalid bitcast
  %36 = bitcast i64 %35 to target("spirv.DeviceEvent")
Invalid bitcast
  %42 = bitcast i64 %41 to target("spirv.DeviceEvent")
Invalid bitcast
  %47 = bitcast i64 %46 to target("spirv.DeviceEvent")
Invalid bitcast
  %53 = bitcast i64 %52 to target("spirv.DeviceEvent")
Invalid bitcast
  %25 = bitcast i64 %24 to target("spirv.DeviceEvent")
Invalid bitcast
  %13 = bitcast target("spirv.Event") %12 to i64
Invalid bitcast
  %17 = bitcast i64 %16 to target("spirv.Event")
Invalid bitcast
  %16 = bitcast target("spirv.Event") %15 to i64
Invalid bitcast
  %20 = bitcast i64 %19 to target("spirv.Event")
Invalid bitcast
  %13 = bitcast target("spirv.Event") %12 to i64
Invalid bitcast
  %17 = bitcast i64 %16 to target("spirv.Event")
Invalid bitcast
  %16 = bitcast target("spirv.Event") %15 to i64
Invalid bitcast
  %20 = bitcast i64 %19 to target("spirv.Event")
Invalid bitcast
  %13 = bitcast target("spirv.Event") %12 to i64
Invalid bitcast
  %17 = bitcast i64 %16 to target("spirv.Event")
Invalid bitcast
  %16 = bitcast target("spirv.Event") %15 to i64
Invalid bitcast
  %20 = bitcast i64 %19 to target("spirv.Event")
Invalid bitcast
  %13 = bitcast target("spirv.Event") %12 to i64
Invalid bitcast
  %17 = bitcast i64 %16 to target("spirv.Event")
Invalid bitcast
  %16 = bitcast target("spirv.Event") %15 to i64
Invalid bitcast
  %20 = bitcast i64 %19 to target("spirv.Event")
Invalid bitcast
  %13 = bitcast target("spirv.Event") %12 to i64
Invalid bitcast
  %17 = bitcast i64 %16 to target("spirv.Event")
Invalid bitcast
  %16 = bitcast target("spirv.Event") %15 to i64
Invalid bitcast
  %20 = bitcast i64 %19 to target("spirv.Event")
Invalid bitcast
  %13 = bitcast target("spirv.Event") %12 to i64
Invalid bitcast
  %17 = bitcast i64 %16 to target("spirv.Event")
Invalid bitcast
  %16 = bitcast target("spirv.Event") %15 to i64
Invalid bitcast
  %20 = bitcast i64 %19 to target("spirv.Event")
Invalid bitcast
  %13 = bitcast target("spirv.Event") %12 to i64
Invalid bitcast
  %17 = bitcast i64 %16 to target("spirv.Event")
Invalid bitcast
  %16 = bitcast target("spirv.Event") %15 to i64
Invalid bitcast
  %20 = bitcast i64 %19 to target("spirv.Event")
Invalid bitcast
  %13 = bitcast target("spirv.Event") %12 to i64
Invalid bitcast
  %17 = bitcast i64 %16 to target("spirv.Event")
Invalid bitcast
  %16 = bitcast target("spirv.Event") %15 to i64
Invalid bitcast
  %20 = bitcast i64 %19 to target("spirv.Event")
Invalid bitcast
  %13 = bitcast target("spirv.Event") %12 to i64
Invalid bitcast
  %17 = bitcast i64 %16 to target("spirv.Event")
Invalid bitcast
  %16 = bitcast target("spirv.Event") %15 to i64
Invalid bitcast
  %20 = bitcast i64 %19 to target("spirv.Event")
Invalid bitcast
  %13 = bitcast target("spirv.Event") %12 to i64
Invalid bitcast
  %17 = bitcast i64 %16 to target("spirv.Event")
Invalid bitcast
  %16 = bitcast target("spirv.Event") %15 to i64
Invalid bitcast
  %20 = bitcast i64 %19 to target("spirv.Event")
Invalid bitcast
  %13 = bitcast target("spirv.Event") %12 to i64
Invalid bitcast
  %17 = bitcast i64 %16 to target("spirv.Event")
Invalid bitcast
  %16 = bitcast target("spirv.Event") %15 to i64
Invalid bitcast
  %20 = bitcast i64 %19 to target("spirv.Event")
Invalid bitcast
  %13 = bitcast target("spirv.Event") %12 to i64
Invalid bitcast
  %17 = bitcast i64 %16 to target("spirv.Event")
Invalid bitcast
  %16 = bitcast target("spirv.Event") %15 to i64
Invalid bitcast
  %20 = bitcast i64 %19 to target("spirv.Event")
Invalid bitcast
  %13 = bitcast target("spirv.Event") %12 to i64
Invalid bitcast
  %17 = bitcast i64 %16 to target("spirv.Event")
Invalid bitcast
  %16 = bitcast target("spirv.Event") %15 to i64
Invalid bitcast
  %20 = bitcast i64 %19 to target("spirv.Event")
Invalid bitcast
  %13 = bitcast target("spirv.Event") %12 to i64
Invalid bitcast
  %17 = bitcast i64 %16 to target("spirv.Event")
Invalid bitcast
  %16 = bitcast target("spirv.Event") %15 to i64
Invalid bitcast
  %20 = bitcast i64 %19 to target("spirv.Event")
Invalid bitcast
  %13 = bitcast target("spirv.Event") %12 to i64
Invalid bitcast
  %17 = bitcast i64 %16 to target("spirv.Event")
Invalid bitcast
  %16 = bitcast target("spirv.Event") %15 to i64
Invalid bitcast
  %20 = bitcast i64 %19 to target("spirv.Event")
Invalid bitcast
  %13 = bitcast target("spirv.Event") %12 to i64
Invalid bitcast
  %17 = bitcast i64 %16 to target("spirv.Event")
Invalid bitcast
  %16 = bitcast target("spirv.Event") %15 to i64
Invalid bitcast
  %20 = bitcast i64 %19 to target("spirv.Event")
Invalid bitcast
  %13 = bitcast target("spirv.Event") %12 to i64
Invalid bitcast
  %17 = bitcast i64 %16 to target("spirv.Event")
Invalid bitcast
  %16 = bitcast target("spirv.Event") %15 to i64
Invalid bitcast
  %20 = bitcast i64 %19 to target("spirv.Event")
Invalid bitcast
  %13 = bitcast target("spirv.Event") %12 to i64
Invalid bitcast
  %17 = bitcast i64 %16 to target("spirv.Event")
Invalid bitcast
  %16 = bitcast target("spirv.Event") %15 to i64
Invalid bitcast
  %20 = bitcast i64 %19 to target("spirv.Event")
Invalid bitcast
  %13 = bitcast target("spirv.Event") %12 to i64
Invalid bitcast
  %17 = bitcast i64 %16 to target("spirv.Event")
Invalid bitcast
  %16 = bitcast target("spirv.Event") %15 to i64
Invalid bitcast
  %20 = bitcast i64 %19 to target("spirv.Event")
Invalid bitcast
  %13 = bitcast target("spirv.Event") %12 to i64
Invalid bitcast
  %17 = bitcast i64 %16 to target("spirv.Event")
Invalid bitcast
  %16 = bitcast target("spirv.Event") %15 to i64
Invalid bitcast
  %20 = bitcast i64 %19 to target("spirv.Event")
Invalid bitcast
  %13 = bitcast target("spirv.Event") %12 to i64
Invalid bitcast
  %17 = bitcast i64 %16 to target("spirv.Event")
Invalid bitcast
  %16 = bitcast target("spirv.Event") %15 to i64
Invalid bitcast
  %20 = bitcast i64 %19 to target("spirv.Event")
Invalid bitcast
  %13 = bitcast target("spirv.Event") %12 to i64
Invalid bitcast
  %17 = bitcast i64 %16 to target("spirv.Event")
Invalid bitcast
  %16 = bitcast target("spirv.Event") %15 to i64
Invalid bitcast
  %20 = bitcast i64 %19 to target("spirv.Event")
Invalid bitcast
  %13 = bitcast target("spirv.Event") %12 to i64
Invalid bitcast
  %17 = bitcast i64 %16 to target("spirv.Event")
Invalid bitcast
  %16 = bitcast target("spirv.Event") %15 to i64
Invalid bitcast
  %20 = bitcast i64 %19 to target("spirv.Event")
Invalid bitcast
  %13 = bitcast target("spirv.Event") %12 to i64
Invalid bitcast
  %17 = bitcast i64 %16 to target("spirv.Event")
Invalid bitcast
  %16 = bitcast target("spirv.Event") %15 to i64
Invalid bitcast
  %20 = bitcast i64 %19 to target("spirv.Event")
Invalid bitcast
  %13 = bitcast target("spirv.Event") %12 to i64
Invalid bitcast
  %17 = bitcast i64 %16 to target("spirv.Event")
Invalid bitcast
  %16 = bitcast target("spirv.Event") %15 to i64
Invalid bitcast
  %20 = bitcast i64 %19 to target("spirv.Event")
Invalid bitcast
  %13 = bitcast target("spirv.Event") %12 to i64
Invalid bitcast
  %17 = bitcast i64 %16 to target("spirv.Event")
Invalid bitcast
  %16 = bitcast target("spirv.Event") %15 to i64
Invalid bitcast
  %20 = bitcast i64 %19 to target("spirv.Event")
Invalid bitcast
  %13 = bitcast target("spirv.Event") %12 to i64
Invalid bitcast
  %17 = bitcast i64 %16 to target("spirv.Event")
Invalid bitcast
  %16 = bitcast target("spirv.Event") %15 to i64
Invalid bitcast
  %20 = bitcast i64 %19 to target("spirv.Event")
Invalid bitcast
  %13 = bitcast target("spirv.Event") %12 to i64
Invalid bitcast
  %17 = bitcast i64 %16 to target("spirv.Event")
Invalid bitcast
  %16 = bitcast target("spirv.Event") %15 to i64
Invalid bitcast
  %20 = bitcast i64 %19 to target("spirv.Event")
Invalid bitcast
  %13 = bitcast target("spirv.Event") %12 to i64
Invalid bitcast
  %17 = bitcast i64 %16 to target("spirv.Event")
Invalid bitcast
  %16 = bitcast target("spirv.Event") %15 to i64
Invalid bitcast
  %20 = bitcast i64 %19 to target("spirv.Event")
Invalid bitcast
  %13 = bitcast target("spirv.Event") %12 to i64
Invalid bitcast
  %17 = bitcast i64 %16 to target("spirv.Event")
Invalid bitcast
  %16 = bitcast target("spirv.Event") %15 to i64
Invalid bitcast
  %20 = bitcast i64 %19 to target("spirv.Event")
Invalid bitcast
  %13 = bitcast target("spirv.Event") %12 to i64
Invalid bitcast
  %17 = bitcast i64 %16 to target("spirv.Event")
Invalid bitcast
  %16 = bitcast target("spirv.Event") %15 to i64
Invalid bitcast
  %20 = bitcast i64 %19 to target("spirv.Event")
Invalid bitcast
  %13 = bitcast target("spirv.Event") %12 to i64
Invalid bitcast
  %17 = bitcast i64 %16 to target("spirv.Event")
Invalid bitcast
  %16 = bitcast target("spirv.Event") %15 to i64
Invalid bitcast
  %20 = bitcast i64 %19 to target("spirv.Event")
Invalid bitcast
  %13 = bitcast target("spirv.Event") %12 to i64
Invalid bitcast
  %17 = bitcast i64 %16 to target("spirv.Event")
Invalid bitcast
  %16 = bitcast target("spirv.Event") %15 to i64
Invalid bitcast
  %20 = bitcast i64 %19 to target("spirv.Event")
Invalid bitcast
  %13 = bitcast target("spirv.Event") %12 to i64
Invalid bitcast
  %17 = bitcast i64 %16 to target("spirv.Event")
Invalid bitcast
  %16 = bitcast target("spirv.Event") %15 to i64
Invalid bitcast
  %20 = bitcast i64 %19 to target("spirv.Event")
Invalid bitcast
  %13 = bitcast target("spirv.Event") %12 to i64
Invalid bitcast
  %17 = bitcast i64 %16 to target("spirv.Event")
Invalid bitcast
  %16 = bitcast target("spirv.Event") %15 to i64
Invalid bitcast
  %20 = bitcast i64 %19 to target("spirv.Event")
Invalid bitcast
  %13 = bitcast target("spirv.Event") %12 to i64
Invalid bitcast
  %17 = bitcast i64 %16 to target("spirv.Event")
Invalid bitcast
  %16 = bitcast target("spirv.Event") %15 to i64
Invalid bitcast
  %20 = bitcast i64 %19 to target("spirv.Event")
Invalid bitcast
  %13 = bitcast target("spirv.Event") %12 to i64
Invalid bitcast
  %17 = bitcast i64 %16 to target("spirv.Event")
Invalid bitcast
  %16 = bitcast target("spirv.Event") %15 to i64
Invalid bitcast
  %20 = bitcast i64 %19 to target("spirv.Event")
Invalid bitcast
  %13 = bitcast target("spirv.Event") %12 to i64
Invalid bitcast
  %17 = bitcast i64 %16 to target("spirv.Event")
Invalid bitcast
  %16 = bitcast target("spirv.Event") %15 to i64
Invalid bitcast
  %20 = bitcast i64 %19 to target("spirv.Event")
Invalid bitcast
  %13 = bitcast target("spirv.Event") %12 to i64
Invalid bitcast
  %17 = bitcast i64 %16 to target("spirv.Event")
Invalid bitcast
  %16 = bitcast target("spirv.Event") %15 to i64
Invalid bitcast
  %20 = bitcast i64 %19 to target("spirv.Event")
Invalid bitcast
  %13 = bitcast target("spirv.Event") %12 to i64
Invalid bitcast
  %17 = bitcast i64 %16 to target("spirv.Event")
Invalid bitcast
  %16 = bitcast target("spirv.Event") %15 to i64
Invalid bitcast
  %20 = bitcast i64 %19 to target("spirv.Event")
Invalid bitcast
  %13 = bitcast target("spirv.Event") %12 to i64
Invalid bitcast
  %17 = bitcast i64 %16 to target("spirv.Event")
Invalid bitcast
  %16 = bitcast target("spirv.Event") %15 to i64
Invalid bitcast
  %20 = bitcast i64 %19 to target("spirv.Event")
Invalid bitcast
  %13 = bitcast target("spirv.Event") %12 to i64
Invalid bitcast
  %17 = bitcast i64 %16 to target("spirv.Event")
Invalid bitcast
  %16 = bitcast target("spirv.Event") %15 to i64
Invalid bitcast
  %20 = bitcast i64 %19 to target("spirv.Event")
Invalid bitcast
  %13 = bitcast target("spirv.Event") %12 to i64
Invalid bitcast
  %17 = bitcast i64 %16 to target("spirv.Event")
Invalid bitcast
  %16 = bitcast target("spirv.Event") %15 to i64
Invalid bitcast
  %20 = bitcast i64 %19 to target("spirv.Event")
Invalid bitcast
  %13 = bitcast target("spirv.Event") %12 to i64
Invalid bitcast
  %17 = bitcast i64 %16 to target("spirv.Event")
Invalid bitcast
  %16 = bitcast target("spirv.Event") %15 to i64
Invalid bitcast
  %20 = bitcast i64 %19 to target("spirv.Event")
Invalid bitcast
  %13 = bitcast target("spirv.Event") %12 to i64
Invalid bitcast
  %17 = bitcast i64 %16 to target("spirv.Event")
Invalid bitcast
  %16 = bitcast target("spirv.Event") %15 to i64
Invalid bitcast
  %20 = bitcast i64 %19 to target("spirv.Event")
Invalid bitcast
  %13 = bitcast target("spirv.Event") %12 to i64
Invalid bitcast
  %17 = bitcast i64 %16 to target("spirv.Event")
Invalid bitcast
  %16 = bitcast target("spirv.Event") %15 to i64
Invalid bitcast
  %20 = bitcast i64 %19 to target("spirv.Event")
Invalid bitcast
  %13 = bitcast target("spirv.Event") %12 to i64
Invalid bitcast
  %17 = bitcast i64 %16 to target("spirv.Event")
Invalid bitcast
  %16 = bitcast target("spirv.Event") %15 to i64
Invalid bitcast
  %20 = bitcast i64 %19 to target("spirv.Event")
Invalid bitcast
  %13 = bitcast target("spirv.Event") %12 to i64
Invalid bitcast
  %17 = bitcast i64 %16 to target("spirv.Event")
Invalid bitcast
  %16 = bitcast target("spirv.Event") %15 to i64
Invalid bitcast
  %20 = bitcast i64 %19 to target("spirv.Event")
Invalid bitcast
  %13 = bitcast target("spirv.Event") %12 to i64
Invalid bitcast
  %17 = bitcast i64 %16 to target("spirv.Event")
Invalid bitcast
  %16 = bitcast target("spirv.Event") %15 to i64
Invalid bitcast
  %20 = bitcast i64 %19 to target("spirv.Event")
Invalid bitcast
  %13 = bitcast target("spirv.Event") %12 to i64
Invalid bitcast
  %17 = bitcast i64 %16 to target("spirv.Event")
Invalid bitcast
  %16 = bitcast target("spirv.Event") %15 to i64
Invalid bitcast
  %20 = bitcast i64 %19 to target("spirv.Event")
Invalid bitcast
  %13 = bitcast target("spirv.Event") %12 to i64
Invalid bitcast
  %17 = bitcast i64 %16 to target("spirv.Event")
Invalid bitcast
  %16 = bitcast target("spirv.Event") %15 to i64
Invalid bitcast
  %20 = bitcast i64 %19 to target("spirv.Event")
Invalid bitcast
  %13 = bitcast target("spirv.Event") %12 to i64
Invalid bitcast
  %17 = bitcast i64 %16 to target("spirv.Event")
Invalid bitcast
  %16 = bitcast target("spirv.Event") %15 to i64
Invalid bitcast
  %20 = bitcast i64 %19 to target("spirv.Event")
Invalid bitcast
  %13 = bitcast target("spirv.Event") %12 to i64
Invalid bitcast
  %17 = bitcast i64 %16 to target("spirv.Event")
Invalid bitcast
  %16 = bitcast target("spirv.Event") %15 to i64
Invalid bitcast
  %20 = bitcast i64 %19 to target("spirv.Event")
Invalid bitcast
  %13 = bitcast target("spirv.Event") %12 to i64
Invalid bitcast
  %17 = bitcast i64 %16 to target("spirv.Event")
Invalid bitcast
  %16 = bitcast target("spirv.Event") %15 to i64
Invalid bitcast
  %20 = bitcast i64 %19 to target("spirv.Event")
Invalid bitcast
  %13 = bitcast target("spirv.Event") %12 to i64
Invalid bitcast
  %17 = bitcast i64 %16 to target("spirv.Event")
Invalid bitcast
  %16 = bitcast target("spirv.Event") %15 to i64
Invalid bitcast
  %20 = bitcast i64 %19 to target("spirv.Event")
Invalid bitcast
  %13 = bitcast target("spirv.Event") %12 to i64
Invalid bitcast
  %17 = bitcast i64 %16 to target("spirv.Event")
Invalid bitcast
  %16 = bitcast target("spirv.Event") %15 to i64
Invalid bitcast
  %20 = bitcast i64 %19 to target("spirv.Event")
Invalid bitcast
  %13 = bitcast target("spirv.Event") %12 to i64
Invalid bitcast
  %17 = bitcast i64 %16 to target("spirv.Event")
Invalid bitcast
  %16 = bitcast target("spirv.Event") %15 to i64
Invalid bitcast
  %20 = bitcast i64 %19 to target("spirv.Event")
Invalid bitcast
  %13 = bitcast target("spirv.Event") %12 to i64
Invalid bitcast
  %17 = bitcast i64 %16 to target("spirv.Event")
Invalid bitcast
  %16 = bitcast target("spirv.Event") %15 to i64
Invalid bitcast
  %20 = bitcast i64 %19 to target("spirv.Event")
Invalid bitcast
  %13 = bitcast target("spirv.Event") %12 to i64
Invalid bitcast
  %17 = bitcast i64 %16 to target("spirv.Event")
Invalid bitcast
  %16 = bitcast target("spirv.Event") %15 to i64
Invalid bitcast
  %20 = bitcast i64 %19 to target("spirv.Event")
Invalid bitcast
  %13 = bitcast target("spirv.Event") %12 to i64
Invalid bitcast
  %17 = bitcast i64 %16 to target("spirv.Event")
Invalid bitcast
  %16 = bitcast target("spirv.Event") %15 to i64
Invalid bitcast
  %20 = bitcast i64 %19 to target("spirv.Event")
Invalid bitcast
  %13 = bitcast target("spirv.Event") %12 to i64
Invalid bitcast
  %17 = bitcast i64 %16 to target("spirv.Event")
Invalid bitcast
  %16 = bitcast target("spirv.Event") %15 to i64
Invalid bitcast
  %20 = bitcast i64 %19 to target("spirv.Event")
Invalid bitcast
  %13 = bitcast target("spirv.Event") %12 to i64
Invalid bitcast
  %17 = bitcast i64 %16 to target("spirv.Event")
Invalid bitcast
  %16 = bitcast target("spirv.Event") %15 to i64
Invalid bitcast
  %20 = bitcast i64 %19 to target("spirv.Event")
Invalid bitcast
  %13 = bitcast target("spirv.Event") %12 to i64
Invalid bitcast
  %17 = bitcast i64 %16 to target("spirv.Event")
Invalid bitcast
  %16 = bitcast target("spirv.Event") %15 to i64
Invalid bitcast
  %20 = bitcast i64 %19 to target("spirv.Event")
Invalid bitcast
  %13 = bitcast target("spirv.Event") %12 to i64
Invalid bitcast
  %17 = bitcast i64 %16 to target("spirv.Event")
Invalid bitcast
  %16 = bitcast target("spirv.Event") %15 to i64
Invalid bitcast
  %20 = bitcast i64 %19 to target("spirv.Event")
Invalid bitcast
  %13 = bitcast target("spirv.Event") %12 to i64
Invalid bitcast
  %17 = bitcast i64 %16 to target("spirv.Event")
Invalid bitcast
  %16 = bitcast target("spirv.Event") %15 to i64
Invalid bitcast
  %20 = bitcast i64 %19 to target("spirv.Event")
Invalid bitcast
  %13 = bitcast target("spirv.Event") %12 to i64
Invalid bitcast
  %17 = bitcast i64 %16 to target("spirv.Event")
Invalid bitcast
  %16 = bitcast target("spirv.Event") %15 to i64
Invalid bitcast
  %20 = bitcast i64 %19 to target("spirv.Event")
Invalid bitcast
  %13 = bitcast target("spirv.Event") %12 to i64
Invalid bitcast
  %17 = bitcast i64 %16 to target("spirv.Event")
Invalid bitcast
  %16 = bitcast target("spirv.Event") %15 to i64
Invalid bitcast
  %20 = bitcast i64 %19 to target("spirv.Event")
Invalid bitcast
  %13 = bitcast target("spirv.Event") %12 to i64
Invalid bitcast
  %17 = bitcast i64 %16 to target("spirv.Event")
Invalid bitcast
  %16 = bitcast target("spirv.Event") %15 to i64
Invalid bitcast
  %20 = bitcast i64 %19 to target("spirv.Event")
Invalid bitcast
  %13 = bitcast target("spirv.Event") %12 to i64
Invalid bitcast
  %17 = bitcast i64 %16 to target("spirv.Event")
Invalid bitcast
  %16 = bitcast target("spirv.Event") %15 to i64
Invalid bitcast
  %20 = bitcast i64 %19 to target("spirv.Event")
Invalid bitcast
  %13 = bitcast target("spirv.Event") %12 to i64
Invalid bitcast
  %17 = bitcast i64 %16 to target("spirv.Event")
Invalid bitcast
  %16 = bitcast target("spirv.Event") %15 to i64
Invalid bitcast
  %20 = bitcast i64 %19 to target("spirv.Event")
Invalid bitcast
  %13 = bitcast target("spirv.Event") %12 to i64
Invalid bitcast
  %17 = bitcast i64 %16 to target("spirv.Event")
Invalid bitcast
  %16 = bitcast target("spirv.Event") %15 to i64
Invalid bitcast
  %20 = bitcast i64 %19 to target("spirv.Event")
Invalid bitcast
  %13 = bitcast target("spirv.Event") %12 to i64
Invalid bitcast
  %17 = bitcast i64 %16 to target("spirv.Event")
Invalid bitcast
  %16 = bitcast target("spirv.Event") %15 to i64
Invalid bitcast
  %20 = bitcast i64 %19 to target("spirv.Event")
Invalid bitcast
  %13 = bitcast target("spirv.Event") %12 to i64
Invalid bitcast
  %17 = bitcast i64 %16 to target("spirv.Event")
Invalid bitcast
  %16 = bitcast target("spirv.Event") %15 to i64
Invalid bitcast
  %20 = bitcast i64 %19 to target("spirv.Event")
Invalid bitcast
  %13 = bitcast target("spirv.Event") %12 to i64
Invalid bitcast
  %17 = bitcast i64 %16 to target("spirv.Event")
Invalid bitcast
  %16 = bitcast target("spirv.Event") %15 to i64
Invalid bitcast
  %20 = bitcast i64 %19 to target("spirv.Event")
Invalid bitcast
  %13 = bitcast target("spirv.Event") %12 to i64
Invalid bitcast
  %17 = bitcast i64 %16 to target("spirv.Event")
Invalid bitcast
  %16 = bitcast target("spirv.Event") %15 to i64
Invalid bitcast
  %20 = bitcast i64 %19 to target("spirv.Event")
Invalid bitcast
  %13 = bitcast target("spirv.Event") %12 to i64
Invalid bitcast
  %17 = bitcast i64 %16 to target("spirv.Event")
Invalid bitcast
  %16 = bitcast target("spirv.Event") %15 to i64
Invalid bitcast
  %20 = bitcast i64 %19 to target("spirv.Event")
Invalid bitcast
  %13 = bitcast target("spirv.Event") %12 to i64
Invalid bitcast
  %17 = bitcast i64 %16 to target("spirv.Event")
Invalid bitcast
  %16 = bitcast target("spirv.Event") %15 to i64
Invalid bitcast
  %20 = bitcast i64 %19 to target("spirv.Event")
Invalid bitcast
  %13 = bitcast target("spirv.Event") %12 to i64
Invalid bitcast
  %17 = bitcast i64 %16 to target("spirv.Event")
Invalid bitcast
  %16 = bitcast target("spirv.Event") %15 to i64
Invalid bitcast
  %20 = bitcast i64 %19 to target("spirv.Event")
Invalid bitcast
  %13 = bitcast target("spirv.Event") %12 to i64
Invalid bitcast
  %17 = bitcast i64 %16 to target("spirv.Event")
Invalid bitcast
  %16 = bitcast target("spirv.Event") %15 to i64
Invalid bitcast
  %20 = bitcast i64 %19 to target("spirv.Event")
Invalid bitcast
  %13 = bitcast target("spirv.Event") %12 to i64
Invalid bitcast
  %17 = bitcast i64 %16 to target("spirv.Event")
Invalid bitcast
  %16 = bitcast target("spirv.Event") %15 to i64
Invalid bitcast
  %20 = bitcast i64 %19 to target("spirv.Event")
Invalid bitcast
  %13 = bitcast target("spirv.Event") %12 to i64
Invalid bitcast
  %17 = bitcast i64 %16 to target("spirv.Event")
Invalid bitcast
  %16 = bitcast target("spirv.Event") %15 to i64
Invalid bitcast
  %20 = bitcast i64 %19 to target("spirv.Event")
Invalid bitcast
  %13 = bitcast target("spirv.Event") %12 to i64
Invalid bitcast
  %17 = bitcast i64 %16 to target("spirv.Event")
Invalid bitcast
  %16 = bitcast target("spirv.Event") %15 to i64
Invalid bitcast
  %20 = bitcast i64 %19 to target("spirv.Event")
Invalid bitcast
  %13 = bitcast target("spirv.Event") %12 to i64
Invalid bitcast
  %17 = bitcast i64 %16 to target("spirv.Event")
Invalid bitcast
  %16 = bitcast target("spirv.Event") %15 to i64
Invalid bitcast
  %20 = bitcast i64 %19 to target("spirv.Event")
Invalid bitcast
  %13 = bitcast target("spirv.Event") %12 to i64
Invalid bitcast
  %17 = bitcast i64 %16 to target("spirv.Event")
Invalid bitcast
  %16 = bitcast target("spirv.Event") %15 to i64
Invalid bitcast
  %20 = bitcast i64 %19 to target("spirv.Event")
Invalid bitcast
  %13 = bitcast target("spirv.Event") %12 to i64
Invalid bitcast
  %17 = bitcast i64 %16 to target("spirv.Event")
Invalid bitcast
  %16 = bitcast target("spirv.Event") %15 to i64
Invalid bitcast
  %20 = bitcast i64 %19 to target("spirv.Event")
Invalid bitcast
  %13 = bitcast target("spirv.Event") %12 to i64
Invalid bitcast
  %17 = bitcast i64 %16 to target("spirv.Event")
Invalid bitcast
  %16 = bitcast target("spirv.Event") %15 to i64
Invalid bitcast
  %20 = bitcast i64 %19 to target("spirv.Event")
Invalid bitcast
  %13 = bitcast target("spirv.Event") %12 to i64
Invalid bitcast
  %17 = bitcast i64 %16 to target("spirv.Event")
Invalid bitcast
  %16 = bitcast target("spirv.Event") %15 to i64
Invalid bitcast
  %20 = bitcast i64 %19 to target("spirv.Event")
Invalid bitcast
  %13 = bitcast target("spirv.Event") %12 to i64
Invalid bitcast
  %17 = bitcast i64 %16 to target("spirv.Event")
Invalid bitcast
  %16 = bitcast target("spirv.Event") %15 to i64
Invalid bitcast
  %20 = bitcast i64 %19 to target("spirv.Event")
Invalid bitcast
  %13 = bitcast target("spirv.Event") %12 to i64
Invalid bitcast
  %17 = bitcast i64 %16 to target("spirv.Event")
Invalid bitcast
  %16 = bitcast target("spirv.Event") %15 to i64
Invalid bitcast
  %20 = bitcast i64 %19 to target("spirv.Event")
Invalid bitcast
  %13 = bitcast target("spirv.Event") %12 to i64
Invalid bitcast
  %17 = bitcast i64 %16 to target("spirv.Event")
Invalid bitcast
  %16 = bitcast target("spirv.Event") %15 to i64
Invalid bitcast
  %20 = bitcast i64 %19 to target("spirv.Event")
Invalid bitcast
  %13 = bitcast target("spirv.Event") %12 to i64
Invalid bitcast
  %17 = bitcast i64 %16 to target("spirv.Event")
Invalid bitcast
  %16 = bitcast target("spirv.Event") %15 to i64
Invalid bitcast
  %20 = bitcast i64 %19 to target("spirv.Event")
Invalid bitcast
  %13 = bitcast target("spirv.Event") %12 to i64
Invalid bitcast
  %17 = bitcast i64 %16 to target("spirv.Event")
Invalid bitcast
  %16 = bitcast target("spirv.Event") %15 to i64
Invalid bitcast
  %20 = bitcast i64 %19 to target("spirv.Event")
Invalid bitcast
  %13 = bitcast target("spirv.Event") %12 to i64
Invalid bitcast
  %17 = bitcast i64 %16 to target("spirv.Event")
Invalid bitcast
  %16 = bitcast target("spirv.Event") %15 to i64
Invalid bitcast
  %20 = bitcast i64 %19 to target("spirv.Event")
Invalid bitcast
  %13 = bitcast target("spirv.Event") %12 to i64
Invalid bitcast
  %17 = bitcast i64 %16 to target("spirv.Event")
Invalid bitcast
  %16 = bitcast target("spirv.Event") %15 to i64
Invalid bitcast
  %20 = bitcast i64 %19 to target("spirv.Event")
Invalid bitcast
  %13 = bitcast target("spirv.Event") %12 to i64
Invalid bitcast
  %17 = bitcast i64 %16 to target("spirv.Event")
Invalid bitcast
  %16 = bitcast target("spirv.Event") %15 to i64
Invalid bitcast
  %20 = bitcast i64 %19 to target("spirv.Event")
Invalid bitcast
  %13 = bitcast target("spirv.Event") %12 to i64
Invalid bitcast
  %17 = bitcast i64 %16 to target("spirv.Event")
Invalid bitcast
  %16 = bitcast target("spirv.Event") %15 to i64
Invalid bitcast
  %20 = bitcast i64 %19 to target("spirv.Event")
Invalid bitcast
  %13 = bitcast target("spirv.Event") %12 to i64
Invalid bitcast
  %17 = bitcast i64 %16 to target("spirv.Event")
Invalid bitcast
  %16 = bitcast target("spirv.Event") %15 to i64
Invalid bitcast
  %20 = bitcast i64 %19 to target("spirv.Event")
Invalid bitcast
  %13 = bitcast target("spirv.Event") %12 to i64
Invalid bitcast
  %17 = bitcast i64 %16 to target("spirv.Event")
Invalid bitcast
  %16 = bitcast target("spirv.Event") %15 to i64
Invalid bitcast
  %20 = bitcast i64 %19 to target("spirv.Event")
Invalid bitcast
  %13 = bitcast target("spirv.Event") %12 to i64
Invalid bitcast
  %17 = bitcast i64 %16 to target("spirv.Event")
Invalid bitcast
  %16 = bitcast target("spirv.Event") %15 to i64
Invalid bitcast
  %20 = bitcast i64 %19 to target("spirv.Event")
Invalid bitcast
  %13 = bitcast target("spirv.Event") %12 to i64
Invalid bitcast
  %17 = bitcast i64 %16 to target("spirv.Event")
Invalid bitcast
  %16 = bitcast target("spirv.Event") %15 to i64
Invalid bitcast
  %20 = bitcast i64 %19 to target("spirv.Event")
Invalid bitcast
  %13 = bitcast target("spirv.Event") %12 to i64
Invalid bitcast
  %17 = bitcast i64 %16 to target("spirv.Event")
Invalid bitcast
  %16 = bitcast target("spirv.Event") %15 to i64
Invalid bitcast
  %20 = bitcast i64 %19 to target("spirv.Event")
Invalid bitcast
  %13 = bitcast target("spirv.Event") %12 to i64
Invalid bitcast
  %17 = bitcast i64 %16 to target("spirv.Event")
Invalid bitcast
  %16 = bitcast target("spirv.Event") %15 to i64
Invalid bitcast
  %20 = bitcast i64 %19 to target("spirv.Event")
Invalid bitcast
  %13 = bitcast target("spirv.Event") %12 to i64
Invalid bitcast
  %17 = bitcast i64 %16 to target("spirv.Event")
Invalid bitcast
  %16 = bitcast target("spirv.Event") %15 to i64
Invalid bitcast
  %20 = bitcast i64 %19 to target("spirv.Event")
Invalid bitcast
  %13 = bitcast target("spirv.Event") %12 to i64
Invalid bitcast
  %17 = bitcast i64 %16 to target("spirv.Event")
Invalid bitcast
  %16 = bitcast target("spirv.Event") %15 to i64
Invalid bitcast
  %20 = bitcast i64 %19 to target("spirv.Event")
Invalid bitcast
  %13 = bitcast target("spirv.Event") %12 to i64
Invalid bitcast
  %17 = bitcast i64 %16 to target("spirv.Event")
Invalid bitcast
  %16 = bitcast target("spirv.Event") %15 to i64
Invalid bitcast
  %20 = bitcast i64 %19 to target("spirv.Event")
Invalid bitcast
  %13 = bitcast target("spirv.Event") %12 to i64
Invalid bitcast
  %17 = bitcast i64 %16 to target("spirv.Event")
Invalid bitcast
  %16 = bitcast target("spirv.Event") %15 to i64
Invalid bitcast
  %20 = bitcast i64 %19 to target("spirv.Event")
Invalid bitcast
  %13 = bitcast target("spirv.Event") %12 to i64
Invalid bitcast
  %17 = bitcast i64 %16 to target("spirv.Event")
Invalid bitcast
  %16 = bitcast target("spirv.Event") %15 to i64
Invalid bitcast
  %20 = bitcast i64 %19 to target("spirv.Event")
Invalid bitcast
  %13 = bitcast target("spirv.Event") %12 to i64
Invalid bitcast
  %17 = bitcast i64 %16 to target("spirv.Event")
Invalid bitcast
  %16 = bitcast target("spirv.Event") %15 to i64
Invalid bitcast
  %20 = bitcast i64 %19 to target("spirv.Event")
Invalid bitcast
  %13 = bitcast target("spirv.Event") %12 to i64
Invalid bitcast
  %17 = bitcast i64 %16 to target("spirv.Event")
Invalid bitcast
  %16 = bitcast target("spirv.Event") %15 to i64
Invalid bitcast
  %20 = bitcast i64 %19 to target("spirv.Event")
Invalid bitcast
  %13 = bitcast target("spirv.Event") %12 to i64
Invalid bitcast
  %17 = bitcast i64 %16 to target("spirv.Event")
Invalid bitcast
  %16 = bitcast target("spirv.Event") %15 to i64
Invalid bitcast
  %20 = bitcast i64 %19 to target("spirv.Event")
Invalid bitcast
  %13 = bitcast target("spirv.Event") %12 to i64
Invalid bitcast
  %17 = bitcast i64 %16 to target("spirv.Event")
Invalid bitcast
  %16 = bitcast target("spirv.Event") %15 to i64
Invalid bitcast
  %20 = bitcast i64 %19 to target("spirv.Event")
Invalid bitcast
  %13 = bitcast target("spirv.Event") %12 to i64
Invalid bitcast
  %17 = bitcast i64 %16 to target("spirv.Event")
Invalid bitcast
  %16 = bitcast target("spirv.Event") %15 to i64
Invalid bitcast
  %20 = bitcast i64 %19 to target("spirv.Event")
Invalid bitcast
  %13 = bitcast target("spirv.Event") %12 to i64
Invalid bitcast
  %17 = bitcast i64 %16 to target("spirv.Event")
Invalid bitcast
  %16 = bitcast target("spirv.Event") %15 to i64
Invalid bitcast
  %20 = bitcast i64 %19 to target("spirv.Event")
Invalid bitcast
  %13 = bitcast target("spirv.Event") %12 to i64
Invalid bitcast
  %17 = bitcast i64 %16 to target("spirv.Event")
Invalid bitcast
  %16 = bitcast target("spirv.Event") %15 to i64
Invalid bitcast
  %20 = bitcast i64 %19 to target("spirv.Event")
Invalid bitcast
  %13 = bitcast target("spirv.Event") %12 to i64
Invalid bitcast
  %17 = bitcast i64 %16 to target("spirv.Event")
Invalid bitcast
  %16 = bitcast target("spirv.Event") %15 to i64
Invalid bitcast
  %20 = bitcast i64 %19 to target("spirv.Event")
Invalid bitcast
  %13 = bitcast target("spirv.Event") %12 to i64
Invalid bitcast
  %17 = bitcast i64 %16 to target("spirv.Event")
Invalid bitcast
  %16 = bitcast target("spirv.Event") %15 to i64
Invalid bitcast
  %20 = bitcast i64 %19 to target("spirv.Event")
Invalid bitcast
  %13 = bitcast target("spirv.Event") %12 to i64
Invalid bitcast
  %17 = bitcast i64 %16 to target("spirv.Event")
Invalid bitcast
  %16 = bitcast target("spirv.Event") %15 to i64
Invalid bitcast
  %20 = bitcast i64 %19 to target("spirv.Event")
Invalid bitcast
  %13 = bitcast target("spirv.Event") %12 to i64
Invalid bitcast
  %17 = bitcast i64 %16 to target("spirv.Event")
Invalid bitcast
  %16 = bitcast target("spirv.Event") %15 to i64
Invalid bitcast
  %20 = bitcast i64 %19 to target("spirv.Event")
Invalid bitcast
  %13 = bitcast target("spirv.Event") %12 to i64
Invalid bitcast
  %17 = bitcast i64 %16 to target("spirv.Event")
Invalid bitcast
  %16 = bitcast target("spirv.Event") %15 to i64
Invalid bitcast
  %20 = bitcast i64 %19 to target("spirv.Event")
Invalid bitcast
  %13 = bitcast target("spirv.Event") %12 to i64
Invalid bitcast
  %17 = bitcast i64 %16 to target("spirv.Event")
Invalid bitcast
  %16 = bitcast target("spirv.Event") %15 to i64
Invalid bitcast
  %20 = bitcast i64 %19 to target("spirv.Event")
Invalid bitcast
  %13 = bitcast target("spirv.Event") %12 to i64
Invalid bitcast
  %17 = bitcast i64 %16 to target("spirv.Event")
Invalid bitcast
  %16 = bitcast target("spirv.Event") %15 to i64
Invalid bitcast
  %20 = bitcast i64 %19 to target("spirv.Event")
Invalid bitcast
  %13 = bitcast target("spirv.Event") %12 to i64
Invalid bitcast
  %17 = bitcast i64 %16 to target("spirv.Event")
Invalid bitcast
  %16 = bitcast target("spirv.Event") %15 to i64
Invalid bitcast
  %20 = bitcast i64 %19 to target("spirv.Event")
Invalid bitcast
  %13 = bitcast target("spirv.Event") %12 to i64
Invalid bitcast
  %17 = bitcast i64 %16 to target("spirv.Event")
Invalid bitcast
  %16 = bitcast target("spirv.Event") %15 to i64
Invalid bitcast
  %20 = bitcast i64 %19 to target("spirv.Event")
Invalid bitcast
  %13 = bitcast target("spirv.Event") %12 to i64
Invalid bitcast
  %17 = bitcast i64 %16 to target("spirv.Event")
Invalid bitcast
  %16 = bitcast target("spirv.Event") %15 to i64
Invalid bitcast
  %20 = bitcast i64 %19 to target("spirv.Event")
Invalid bitcast
  %13 = bitcast target("spirv.Event") %12 to i64
Invalid bitcast
  %17 = bitcast i64 %16 to target("spirv.Event")
Invalid bitcast
  %16 = bitcast target("spirv.Event") %15 to i64
Invalid bitcast
  %20 = bitcast i64 %19 to target("spirv.Event")
Invalid bitcast
  %13 = bitcast target("spirv.Event") %12 to i64
Invalid bitcast
  %17 = bitcast i64 %16 to target("spirv.Event")
Invalid bitcast
  %16 = bitcast target("spirv.Event") %15 to i64
Invalid bitcast
  %20 = bitcast i64 %19 to target("spirv.Event")
Invalid bitcast
  %13 = bitcast target("spirv.Event") %12 to i64
Invalid bitcast
  %17 = bitcast i64 %16 to target("spirv.Event")
Invalid bitcast
  %16 = bitcast target("spirv.Event") %15 to i64
Invalid bitcast
  %20 = bitcast i64 %19 to target("spirv.Event")
Invalid bitcast
  %13 = bitcast target("spirv.Event") %12 to i64
Invalid bitcast
  %17 = bitcast i64 %16 to target("spirv.Event")
Invalid bitcast
  %16 = bitcast target("spirv.Event") %15 to i64
Invalid bitcast
  %20 = bitcast i64 %19 to target("spirv.Event")
Invalid bitcast
  %13 = bitcast target("spirv.Event") %12 to i64
Invalid bitcast
  %17 = bitcast i64 %16 to target("spirv.Event")
Invalid bitcast
  %16 = bitcast target("spirv.Event") %15 to i64
Invalid bitcast
  %20 = bitcast i64 %19 to target("spirv.Event")
Invalid bitcast
  %13 = bitcast target("spirv.Event") %12 to i64
Invalid bitcast
  %17 = bitcast i64 %16 to target("spirv.Event")
Invalid bitcast
  %16 = bitcast target("spirv.Event") %15 to i64
Invalid bitcast
  %20 = bitcast i64 %19 to target("spirv.Event")
Invalid bitcast
  %13 = bitcast target("spirv.Event") %12 to i64
Invalid bitcast
  %17 = bitcast i64 %16 to target("spirv.Event")
Invalid bitcast
  %16 = bitcast target("spirv.Event") %15 to i64
Invalid bitcast
  %20 = bitcast i64 %19 to target("spirv.Event")
Invalid bitcast
  %13 = bitcast target("spirv.Event") %12 to i64
Invalid bitcast
  %17 = bitcast i64 %16 to target("spirv.Event")
Invalid bitcast
  %16 = bitcast target("spirv.Event") %15 to i64
Invalid bitcast
  %20 = bitcast i64 %19 to target("spirv.Event")
Invalid bitcast
  %5 = bitcast target("spirv.Image", void, 0, 0, 1, 0, 0, 0, 0) %4 to i64
Invalid bitcast
  %5 = bitcast target("spirv.Image", void, 1, 0, 1, 0, 0, 0, 0) %4 to i64
Invalid bitcast
  %5 = bitcast target("spirv.Image", void, 1, 1, 1, 0, 0, 0, 0) %4 to i64
Invalid bitcast
  %5 = bitcast target("spirv.Image", void, 1, 0, 1, 1, 0, 0, 0) %4 to i64
Invalid bitcast
  %5 = bitcast target("spirv.Image", void, 1, 1, 1, 1, 0, 0, 0) %4 to i64
Invalid bitcast
  %5 = bitcast target("spirv.Image", void, 0, 0, 1, 0, 0, 0, 1) %4 to i64
Invalid bitcast
  %5 = bitcast target("spirv.Image", void, 1, 0, 1, 0, 0, 0, 1) %4 to i64
Invalid bitcast
  %5 = bitcast target("spirv.Image", void, 1, 1, 1, 0, 0, 0, 1) %4 to i64
Invalid bitcast
  %5 = bitcast target("spirv.Image", void, 1, 0, 1, 1, 0, 0, 1) %4 to i64
Invalid bitcast
  %5 = bitcast target("spirv.Image", void, 1, 1, 1, 1, 0, 0, 1) %4 to i64
Invalid bitcast
  %5 = bitcast target("spirv.Image", void, 0, 0, 1, 0, 0, 0, 2) %4 to i64
Invalid bitcast
  %5 = bitcast target("spirv.Image", void, 1, 0, 1, 0, 0, 0, 2) %4 to i64
Invalid bitcast
  %5 = bitcast target("spirv.Image", void, 1, 1, 1, 0, 0, 0, 2) %4 to i64
Invalid bitcast
  %5 = bitcast target("spirv.Image", void, 1, 0, 1, 1, 0, 0, 2) %4 to i64
Invalid bitcast
  %5 = bitcast target("spirv.Image", void, 1, 1, 1, 1, 0, 0, 2) %4 to i64
fatal error: error in backend: Broken module found, compilation aborted!
